# JRE version: Java(TM) SE Runtime Environment (8.0_202-b08) (build 1.8.0_202-b08)
# Java VM: Java HotSpot(TM) 64-Bit Server VM (25.202-b08 mixed mode windows-amd64 compressed oops)
Heap:
 PSYoungGen      total 141824K, used 141794K [0x000000076b500000, 0x0000000774a00000, 0x00000007c0000000)
  eden space 131072K, 100% used [0x000000076b500000,0x0000000773500000,0x0000000773500000)
  from space 10752K, 99% used [0x0000000773500000,0x0000000773f78a40,0x0000000773f80000)
  to   space 10752K, 99% used [0x0000000773f80000,0x00000007749fb260,0x0000000774a00000)
 ParOldGen       total 175104K, used 56671K [0x00000006c1e00000, 0x00000006cc900000, 0x000000076b500000)
  object space 175104K, 32% used [0x00000006c1e00000,0x00000006c5557c18,0x00000006cc900000)
 Metaspace       used 10479K, capacity 10614K, committed 10880K, reserved 1058816K
  class space    used 1006K, capacity 1043K, committed 1152K, reserved 1048576K
GC Heap History (10 events):
Event: 0.768 GC heap after
Heap after GC invocations=3 (full 0):
 PSYoungGen      total 76288K, used 10726K [0x000000076b500000, 0x0000000774a00000, 0x00000007c0000000)
  eden space 65536K, 0% used [0x000000076b500000,0x000000076b500000,0x000000076f500000)
  from space 10752K, 99% used [0x000000076f500000,0x000000076ff79970,0x000000076ff80000)
  to   space 10752K, 0% used [0x0000000773f80000,0x0000000773f80000,0x0000000774a00000)
 ParOldGen       total 175104K, used 7242K [0x00000006c1e00000, 0x00000006cc900000, 0x000000076b500000)
  object space 175104K, 4% used [0x00000006c1e00000,0x00000006c2512930,0x00000006cc900000)
 Metaspace       used 8517K, capacity 8630K, committed 8832K, reserved 1056768K
  class space    used 828K, capacity 851K, committed 896K, reserved 1048576K
}
Event: 0.929 GC heap before
{Heap before GC invocations=4 (full 0):
 PSYoungGen      total 76288K, used 76171K [0x000000076b500000, 0x0000000774a00000, 0x00000007c0000000)
  eden space 65536K, 99% used [0x000000076b500000,0x000000076f4e9348,0x000000076f500000)
  from space 10752K, 99% used [0x000000076f500000,0x000000076ff79970,0x000000076ff80000)
  to   space 10752K, 0% used [0x0000000773f80000,0x0000000773f80000,0x0000000774a00000)
 ParOldGen       total 175104K, used 7242K [0x00000006c1e00000, 0x00000006cc900000, 0x000000076b500000)
  object space 175104K, 4% used [0x00000006c1e00000,0x00000006c2512930,0x00000006cc900000)
 Metaspace       used 9107K, capacity 9174K, committed 9344K, reserved 1058816K
  class space    used 870K, capacity 883K, committed 896K, reserved 1048576K
Event: 0.941 GC heap after
Heap after GC invocations=4 (full 0):
 PSYoungGen      total 141824K, used 10725K [0x000000076b500000, 0x0000000774a00000, 0x00000007c0000000)
  eden space 131072K, 0% used [0x000000076b500000,0x000000076b500000,0x0000000773500000)
  from space 10752K, 99% used [0x0000000773f80000,0x00000007749f9550,0x0000000774a00000)
  to   space 10752K, 0% used [0x0000000773500000,0x0000000773500000,0x0000000773f80000)
 ParOldGen       total 175104K, used 17418K [0x00000006c1e00000, 0x00000006cc900000, 0x000000076b500000)
  object space 175104K, 9% used [0x00000006c1e00000,0x00000006c2f02ad0,0x00000006cc900000)
 Metaspace       used 9107K, capacity 9174K, committed 9344K, reserved 1058816K
  class space    used 870K, capacity 883K, committed 896K, reserved 1048576K
}
Event: 1.096 GC heap before
{Heap before GC invocations=5 (full 0):
 PSYoungGen      total 141824K, used 141797K [0x000000076b500000, 0x0000000774a00000, 0x00000007c0000000)
  eden space 131072K, 100% used [0x000000076b500000,0x0000000773500000,0x0000000773500000)
  from space 10752K, 99% used [0x0000000773f80000,0x00000007749f9550,0x0000000774a00000)
  to   space 10752K, 0% used [0x0000000773500000,0x0000000773500000,0x0000000773f80000)
 ParOldGen       total 175104K, used 17418K [0x00000006c1e00000, 0x00000006cc900000, 0x000000076b500000)
  object space 175104K, 9% used [0x00000006c1e00000,0x00000006c2f02ad0,0x00000006cc900000)
 Metaspace       used 9292K, capacity 9366K, committed 9600K, reserved 1058816K
  class space    used 872K, capacity 883K, committed 896K, reserved 1048576K
Event: 1.108 GC heap after
Heap after GC invocations=5 (full 0):
 PSYoungGen      total 141824K, used 10732K [0x000000076b500000, 0x0000000774a00000, 0x00000007c0000000)
  eden space 131072K, 0% used [0x000000076b500000,0x000000076b500000,0x0000000773500000)
  from space 10752K, 99% used [0x0000000773500000,0x0000000773f7b0d8,0x0000000773f80000)
  to   space 10752K, 0% used [0x0000000773f80000,0x0000000773f80000,0x0000000774a00000)
 ParOldGen       total 175104K, used 26497K [0x00000006c1e00000, 0x00000006cc900000, 0x000000076b500000)
  object space 175104K, 15% used [0x00000006c1e00000,0x00000006c37e0600,0x00000006cc900000)
 Metaspace       used 9292K, capacity 9366K, committed 9600K, reserved 1058816K
  class space    used 872K, capacity 883K, committed 896K, reserved 1048576K
}
Event: 1.199 GC heap before
{Heap before GC invocations=6 (full 0):
 PSYoungGen      total 141824K, used 141804K [0x000000076b500000, 0x0000000774a00000, 0x00000007c0000000)
  eden space 131072K, 100% used [0x000000076b500000,0x0000000773500000,0x0000000773500000)
  from space 10752K, 99% used [0x0000000773500000,0x0000000773f7b0d8,0x0000000773f80000)
  to   space 10752K, 0% used [0x0000000773f80000,0x0000000773f80000,0x0000000774a00000)
 ParOldGen       total 175104K, used 26497K [0x00000006c1e00000, 0x00000006cc900000, 0x000000076b500000)
  object space 175104K, 15% used [0x00000006c1e00000,0x00000006c37e0600,0x00000006cc900000)
 Metaspace       used 9541K, capacity 9590K, committed 9728K, reserved 1058816K
  class space    used 895K, capacity 915K, committed 1024K, reserved 1048576K
Event: 1.215 GC heap after
Heap after GC invocations=6 (full 0):
 PSYoungGen      total 141824K, used 10749K [0x000000076b500000, 0x0000000774a00000, 0x00000007c0000000)
  eden space 131072K, 0% used [0x000000076b500000,0x000000076b500000,0x0000000773500000)
  from space 10752K, 99% used [0x0000000773f80000,0x00000007749ff520,0x0000000774a00000)
  to   space 10752K, 0% used [0x0000000773500000,0x0000000773500000,0x0000000773f80000)
 ParOldGen       total 175104K, used 33429K [0x00000006c1e00000, 0x00000006cc900000, 0x000000076b500000)
  object space 175104K, 19% used [0x00000006c1e00000,0x00000006c3ea54c8,0x00000006cc900000)
 Metaspace       used 9541K, capacity 9590K, committed 9728K, reserved 1058816K
  class space    used 895K, capacity 915K, committed 1024K, reserved 1048576K
}
Event: 1.318 GC heap before
{Heap before GC invocations=7 (full 0):
 PSYoungGen      total 141824K, used 141821K [0x000000076b500000, 0x0000000774a00000, 0x00000007c0000000)
  eden space 131072K, 100% used [0x000000076b500000,0x0000000773500000,0x0000000773500000)
  from space 10752K, 99% used [0x0000000773f80000,0x00000007749ff520,0x0000000774a00000)
  to   space 10752K, 0% used [0x0000000773500000,0x0000000773500000,0x0000000773f80000)
 ParOldGen       total 175104K, used 33429K [0x00000006c1e00000, 0x00000006cc900000, 0x000000076b500000)
  object space 175104K, 19% used [0x00000006c1e00000,0x00000006c3ea54c8,0x00000006cc900000)
 Metaspace       used 10373K, capacity 10518K, committed 10752K, reserved 1058816K
  class space    used 996K, capacity 1011K, committed 1024K, reserved 1048576K
Event: 1.338 GC heap after
Heap after GC invocations=7 (full 0):
 PSYoungGen      total 141824K, used 10722K [0x000000076b500000, 0x0000000774a00000, 0x00000007c0000000)
  eden space 131072K, 0% used [0x000000076b500000,0x000000076b500000,0x0000000773500000)
  from space 10752K, 99% used [0x0000000773500000,0x0000000773f78a40,0x0000000773f80000)
  to   space 10752K, 0% used [0x0000000773f80000,0x0000000773f80000,0x0000000774a00000)
 ParOldGen       total 175104K, used 46755K [0x00000006c1e00000, 0x00000006cc900000, 0x000000076b500000)
  object space 175104K, 26% used [0x00000006c1e00000,0x00000006c4ba8f40,0x00000006cc900000)
 Metaspace       used 10373K, capacity 10518K, committed 10752K, reserved 1058816K
  class space    used 996K, capacity 1011K, committed 1024K, reserved 1048576K
}
Event: 1.466 GC heap before
{Heap before GC invocations=8 (full 0):
 PSYoungGen      total 141824K, used 141794K [0x000000076b500000, 0x0000000774a00000, 0x00000007c0000000)
  eden space 131072K, 100% used [0x000000076b500000,0x0000000773500000,0x0000000773500000)
  from space 10752K, 99% used [0x0000000773500000,0x0000000773f78a40,0x0000000773f80000)
  to   space 10752K, 0% used [0x0000000773f80000,0x0000000773f80000,0x0000000774a00000)
 ParOldGen       total 175104K, used 46755K [0x00000006c1e00000, 0x00000006cc900000, 0x000000076b500000)
  object space 175104K, 26% used [0x00000006c1e00000,0x00000006c4ba8f40,0x00000006cc900000)
 Metaspace       used 10479K, capacity 10614K, committed 10880K, reserved 1058816K
  class space    used 1006K, capacity 1043K, committed 1152K, reserved 1048576K

