# JRE version: OpenJDK Runtime Environment (8.0) (build 1.8.0-25-microsoft-b00)
# Java VM: OpenJDK 64-Bit Server VM (25.71-b00 mixed mode windows-amd64 compressed oops)
Heap:
 PSYoungGen      total 141824K, used 138798K [0x000000076b500000, 0x0000000774a00000, 0x00000007c0000000)
  eden space 131072K, 100% used [0x000000076b500000,0x0000000773500000,0x0000000773500000)
  from space 10752K, 71% used [0x0000000773500000,0x0000000773c8baa0,0x0000000773f80000)
  to   space 10752K, 29% used [0x0000000773f80000,0x00000007742a2f00,0x0000000774a00000)
 ParOldGen       total 175104K, used 72470K [0x00000006c1e00000, 0x00000006cc900000, 0x000000076b500000)
  object space 175104K, 41% used [0x00000006c1e00000,0x00000006c64c8018,0x00000006cc900000)
 Metaspace       used 9583K, capacity 9718K, committed 9984K, reserved 1058816K
  class space    used 872K, capacity 915K, committed 1024K, reserved 1048576K
GC Heap History (10 events):
Event: 1.402 GC heap after
Heap after GC invocations=5 (full 0):
 PSYoungGen      total 141824K, used 10731K [0x000000076b500000, 0x0000000774a00000, 0x00000007c0000000)
  eden space 131072K, 0% used [0x000000076b500000,0x000000076b500000,0x0000000773500000)
  from space 10752K, 99% used [0x0000000773500000,0x0000000773f7ad48,0x0000000773f80000)
  to   space 10752K, 0% used [0x0000000773f80000,0x0000000773f80000,0x0000000774a00000)
 ParOldGen       total 175104K, used 28143K [0x00000006c1e00000, 0x00000006cc900000, 0x000000076b500000)
  object space 175104K, 16% used [0x00000006c1e00000,0x00000006c397be00,0x00000006cc900000)
 Metaspace       used 9229K, capacity 9366K, committed 9600K, reserved 1058816K
  class space    used 843K, capacity 883K, committed 896K, reserved 1048576K
}
Event: 1.497 GC heap before
{Heap before GC invocations=6 (full 0):
 PSYoungGen      total 141824K, used 141803K [0x000000076b500000, 0x0000000774a00000, 0x00000007c0000000)
  eden space 131072K, 100% used [0x000000076b500000,0x0000000773500000,0x0000000773500000)
  from space 10752K, 99% used [0x0000000773500000,0x0000000773f7ad48,0x0000000773f80000)
  to   space 10752K, 0% used [0x0000000773f80000,0x0000000773f80000,0x0000000774a00000)
 ParOldGen       total 175104K, used 28143K [0x00000006c1e00000, 0x00000006cc900000, 0x000000076b500000)
  object space 175104K, 16% used [0x00000006c1e00000,0x00000006c397be00,0x00000006cc900000)
 Metaspace       used 9270K, capacity 9366K, committed 9600K, reserved 1058816K
  class space    used 844K, capacity 883K, committed 896K, reserved 1048576K
Event: 1.525 GC heap after
Heap after GC invocations=6 (full 0):
 PSYoungGen      total 141824K, used 10742K [0x000000076b500000, 0x0000000774a00000, 0x00000007c0000000)
  eden space 131072K, 0% used [0x000000076b500000,0x000000076b500000,0x0000000773500000)
  from space 10752K, 99% used [0x0000000773f80000,0x00000007749fdad0,0x0000000774a00000)
  to   space 10752K, 0% used [0x0000000773500000,0x0000000773500000,0x0000000773f80000)
 ParOldGen       total 175104K, used 39550K [0x00000006c1e00000, 0x00000006cc900000, 0x000000076b500000)
  object space 175104K, 22% used [0x00000006c1e00000,0x00000006c449fa68,0x00000006cc900000)
 Metaspace       used 9270K, capacity 9366K, committed 9600K, reserved 1058816K
  class space    used 844K, capacity 883K, committed 896K, reserved 1048576K
}
Event: 1.683 GC heap before
{Heap before GC invocations=7 (full 0):
 PSYoungGen      total 141824K, used 141814K [0x000000076b500000, 0x0000000774a00000, 0x00000007c0000000)
  eden space 131072K, 100% used [0x000000076b500000,0x0000000773500000,0x0000000773500000)
  from space 10752K, 99% used [0x0000000773f80000,0x00000007749fdad0,0x0000000774a00000)
  to   space 10752K, 0% used [0x0000000773500000,0x0000000773500000,0x0000000773f80000)
 ParOldGen       total 175104K, used 40143K [0x00000006c1e00000, 0x00000006cc900000, 0x000000076b500000)
  object space 175104K, 22% used [0x00000006c1e00000,0x00000006c4533e78,0x00000006cc900000)
 Metaspace       used 9292K, capacity 9430K, committed 9600K, reserved 1058816K
  class space    used 844K, capacity 883K, committed 896K, reserved 1048576K
Event: 1.730 GC heap after
Heap after GC invocations=7 (full 0):
 PSYoungGen      total 141824K, used 10747K [0x000000076b500000, 0x0000000774a00000, 0x00000007c0000000)
  eden space 131072K, 0% used [0x000000076b500000,0x000000076b500000,0x0000000773500000)
  from space 10752K, 99% used [0x0000000773500000,0x0000000773f7efc8,0x0000000773f80000)
  to   space 10752K, 0% used [0x0000000773f80000,0x0000000773f80000,0x0000000774a00000)
 ParOldGen       total 175104K, used 51634K [0x00000006c1e00000, 0x00000006cc900000, 0x000000076b500000)
  object space 175104K, 29% used [0x00000006c1e00000,0x00000006c506cad0,0x00000006cc900000)
 Metaspace       used 9292K, capacity 9430K, committed 9600K, reserved 1058816K
  class space    used 844K, capacity 883K, committed 896K, reserved 1048576K
}
Event: 1.852 GC heap before
{Heap before GC invocations=8 (full 0):
 PSYoungGen      total 141824K, used 141819K [0x000000076b500000, 0x0000000774a00000, 0x00000007c0000000)
  eden space 131072K, 100% used [0x000000076b500000,0x0000000773500000,0x0000000773500000)
  from space 10752K, 99% used [0x0000000773500000,0x0000000773f7efc8,0x0000000773f80000)
  to   space 10752K, 0% used [0x0000000773f80000,0x0000000773f80000,0x0000000774a00000)
 ParOldGen       total 175104K, used 53132K [0x00000006c1e00000, 0x00000006cc900000, 0x000000076b500000)
  object space 175104K, 30% used [0x00000006c1e00000,0x00000006c51e3140,0x00000006cc900000)
 Metaspace       used 9294K, capacity 9430K, committed 9600K, reserved 1058816K
  class space    used 844K, capacity 883K, committed 896K, reserved 1048576K
Event: 1.871 GC heap after
Heap after GC invocations=8 (full 0):
 PSYoungGen      total 141824K, used 10733K [0x000000076b500000, 0x0000000774a00000, 0x00000007c0000000)
  eden space 131072K, 0% used [0x000000076b500000,0x000000076b500000,0x0000000773500000)
  from space 10752K, 99% used [0x0000000773f80000,0x00000007749fb408,0x0000000774a00000)
  to   space 10752K, 0% used [0x0000000773500000,0x0000000773500000,0x0000000773f80000)
 ParOldGen       total 175104K, used 62903K [0x00000006c1e00000, 0x00000006cc900000, 0x000000076b500000)
  object space 175104K, 35% used [0x00000006c1e00000,0x00000006c5b6df48,0x00000006cc900000)
 Metaspace       used 9294K, capacity 9430K, committed 9600K, reserved 1058816K
  class space    used 844K, capacity 883K, committed 896K, reserved 1048576K
}
Event: 1.884 GC heap before
{Heap before GC invocations=9 (full 0):
 PSYoungGen      total 141824K, used 17555K [0x000000076b500000, 0x0000000774a00000, 0x00000007c0000000)
  eden space 131072K, 5% used [0x000000076b500000,0x000000076bba9b10,0x0000000773500000)
  from space 10752K, 99% used [0x0000000773f80000,0x00000007749fb408,0x0000000774a00000)
  to   space 10752K, 0% used [0x0000000773500000,0x0000000773500000,0x0000000773f80000)
 ParOldGen       total 175104K, used 62903K [0x00000006c1e00000, 0x00000006cc900000, 0x000000076b500000)
  object space 175104K, 35% used [0x00000006c1e00000,0x00000006c5b6df48,0x00000006cc900000)
 Metaspace       used 9294K, capacity 9430K, committed 9600K, reserved 1058816K
  class space    used 844K, capacity 883K, committed 896K, reserved 1048576K
Event: 1.908 GC heap after
Heap after GC invocations=9 (full 0):
 PSYoungGen      total 141824K, used 7726K [0x000000076b500000, 0x0000000774a00000, 0x00000007c0000000)
  eden space 131072K, 0% used [0x000000076b500000,0x000000076b500000,0x0000000773500000)
  from space 10752K, 71% used [0x0000000773500000,0x0000000773c8baa0,0x0000000773f80000)
  to   space 10752K, 0% used [0x0000000773f80000,0x0000000773f80000,0x0000000774a00000)
 ParOldGen       total 175104K, used 66444K [0x00000006c1e00000, 0x00000006cc900000, 0x000000076b500000)
  object space 175104K, 37% used [0x00000006c1e00000,0x00000006c5ee32f0,0x00000006cc900000)
 Metaspace       used 9294K, capacity 9430K, committed 9600K, reserved 1058816K
  class space    used 844K, capacity 883K, committed 896K, reserved 1048576K
}
Event: 2.052 GC heap before
{Heap before GC invocations=10 (full 0):
 PSYoungGen      total 141824K, used 138798K [0x000000076b500000, 0x0000000774a00000, 0x00000007c0000000)
  eden space 131072K, 100% used [0x000000076b500000,0x0000000773500000,0x0000000773500000)
  from space 10752K, 71% used [0x0000000773500000,0x0000000773c8baa0,0x0000000773f80000)
  to   space 10752K, 0% used [0x0000000773f80000,0x0000000773f80000,0x0000000774a00000)
 ParOldGen       total 175104K, used 66444K [0x00000006c1e00000, 0x00000006cc900000, 0x000000076b500000)
  object space 175104K, 37% used [0x00000006c1e00000,0x00000006c5ee33c8,0x00000006cc900000)
 Metaspace       used 9583K, capacity 9718K, committed 9984K, reserved 1058816K
  class space    used 872K, capacity 915K, committed 1024K, reserved 1048576K

