# JRE version: Java(TM) SE Runtime Environment (8.0_202-b08) (build 1.8.0_202-b08)
# Java VM: Java HotSpot(TM) 64-Bit Server VM (25.202-b08 mixed mode windows-amd64 compressed oops)
Heap:
 PSYoungGen      total 141824K, used 92034K [0x000000076b500000, 0x0000000774a00000, 0x00000007c0000000)
  eden space 131072K, 62% used [0x000000076b500000,0x0000000770463ce8,0x0000000773500000)
  from space 10752K, 99% used [0x0000000773500000,0x0000000773f7cb98,0x0000000773f80000)
  to   space 10752K, 0% used [0x0000000773f80000,0x0000000773f80000,0x0000000774a00000)
 ParOldGen       total 175104K, used 27525K [0x00000006c1e00000, 0x00000006cc900000, 0x000000076b500000)
  object space 175104K, 15% used [0x00000006c1e00000,0x00000006c38e1488,0x00000006cc900000)
 Metaspace       used 9345K, capacity 9416K, committed 9728K, reserved 1058816K
  class space    used 876K, capacity 918K, committed 1024K, reserved 1048576K
GC Heap History (10 events):
Event: 0.419 GC heap before
{Heap before GC invocations=1 (full 0):
 PSYoungGen      total 76288K, used 65536K [0x000000076b500000, 0x0000000770a00000, 0x00000007c0000000)
  eden space 65536K, 100% used [0x000000076b500000,0x000000076f500000,0x000000076f500000)
  from space 10752K, 0% used [0x000000076ff80000,0x000000076ff80000,0x0000000770a00000)
  to   space 10752K, 0% used [0x000000076f500000,0x000000076f500000,0x000000076ff80000)
 ParOldGen       total 175104K, used 0K [0x00000006c1e00000, 0x00000006cc900000, 0x000000076b500000)
  object space 175104K, 0% used [0x00000006c1e00000,0x00000006c1e00000,0x00000006cc900000)
 Metaspace       used 8311K, capacity 8392K, committed 8576K, reserved 1056768K
  class space    used 830K, capacity 854K, committed 896K, reserved 1048576K
Event: 0.423 GC heap after
Heap after GC invocations=1 (full 0):
 PSYoungGen      total 76288K, used 5599K [0x000000076b500000, 0x0000000770a00000, 0x00000007c0000000)
  eden space 65536K, 0% used [0x000000076b500000,0x000000076b500000,0x000000076f500000)
  from space 10752K, 52% used [0x000000076f500000,0x000000076fa77f00,0x000000076ff80000)
  to   space 10752K, 0% used [0x000000076ff80000,0x000000076ff80000,0x0000000770a00000)
 ParOldGen       total 175104K, used 80K [0x00000006c1e00000, 0x00000006cc900000, 0x000000076b500000)
  object space 175104K, 0% used [0x00000006c1e00000,0x00000006c1e14010,0x00000006cc900000)
 Metaspace       used 8311K, capacity 8392K, committed 8576K, reserved 1056768K
  class space    used 830K, capacity 854K, committed 896K, reserved 1048576K
}
Event: 0.614 GC heap before
{Heap before GC invocations=2 (full 0):
 PSYoungGen      total 76288K, used 71135K [0x000000076b500000, 0x0000000770a00000, 0x00000007c0000000)
  eden space 65536K, 100% used [0x000000076b500000,0x000000076f500000,0x000000076f500000)
  from space 10752K, 52% used [0x000000076f500000,0x000000076fa77f00,0x000000076ff80000)
  to   space 10752K, 0% used [0x000000076ff80000,0x000000076ff80000,0x0000000770a00000)
 ParOldGen       total 175104K, used 80K [0x00000006c1e00000, 0x00000006cc900000, 0x000000076b500000)
  object space 175104K, 0% used [0x00000006c1e00000,0x00000006c1e14010,0x00000006cc900000)
 Metaspace       used 8506K, capacity 8648K, committed 8832K, reserved 1056768K
  class space    used 830K, capacity 854K, committed 896K, reserved 1048576K
Event: 0.617 GC heap after
Heap after GC invocations=2 (full 0):
 PSYoungGen      total 76288K, used 6974K [0x000000076b500000, 0x0000000774a00000, 0x00000007c0000000)
  eden space 65536K, 0% used [0x000000076b500000,0x000000076b500000,0x000000076f500000)
  from space 10752K, 64% used [0x000000076ff80000,0x000000077064fb18,0x0000000770a00000)
  to   space 10752K, 0% used [0x000000076f500000,0x000000076f500000,0x000000076ff80000)
 ParOldGen       total 175104K, used 88K [0x00000006c1e00000, 0x00000006cc900000, 0x000000076b500000)
  object space 175104K, 0% used [0x00000006c1e00000,0x00000006c1e16010,0x00000006cc900000)
 Metaspace       used 8506K, capacity 8648K, committed 8832K, reserved 1056768K
  class space    used 830K, capacity 854K, committed 896K, reserved 1048576K
}
Event: 0.769 GC heap before
{Heap before GC invocations=3 (full 0):
 PSYoungGen      total 76288K, used 72510K [0x000000076b500000, 0x0000000774a00000, 0x00000007c0000000)
  eden space 65536K, 100% used [0x000000076b500000,0x000000076f500000,0x000000076f500000)
  from space 10752K, 64% used [0x000000076ff80000,0x000000077064fb18,0x0000000770a00000)
  to   space 10752K, 0% used [0x000000076f500000,0x000000076f500000,0x000000076ff80000)
 ParOldGen       total 175104K, used 88K [0x00000006c1e00000, 0x00000006cc900000, 0x000000076b500000)
  object space 175104K, 0% used [0x00000006c1e00000,0x00000006c1e16010,0x00000006cc900000)
 Metaspace       used 8532K, capacity 8648K, committed 8832K, reserved 1056768K
  class space    used 830K, capacity 854K, committed 896K, reserved 1048576K
Event: 0.776 GC heap after
Heap after GC invocations=3 (full 0):
 PSYoungGen      total 76288K, used 10741K [0x000000076b500000, 0x0000000774a00000, 0x00000007c0000000)
  eden space 65536K, 0% used [0x000000076b500000,0x000000076b500000,0x000000076f500000)
  from space 10752K, 99% used [0x000000076f500000,0x000000076ff7d4a0,0x000000076ff80000)
  to   space 10752K, 0% used [0x0000000773f80000,0x0000000773f80000,0x0000000774a00000)
 ParOldGen       total 175104K, used 5923K [0x00000006c1e00000, 0x00000006cc900000, 0x000000076b500000)
  object space 175104K, 3% used [0x00000006c1e00000,0x00000006c23c8d08,0x00000006cc900000)
 Metaspace       used 8532K, capacity 8648K, committed 8832K, reserved 1056768K
  class space    used 830K, capacity 854K, committed 896K, reserved 1048576K
}
Event: 0.986 GC heap before
{Heap before GC invocations=4 (full 0):
 PSYoungGen      total 76288K, used 76071K [0x000000076b500000, 0x0000000774a00000, 0x00000007c0000000)
  eden space 65536K, 99% used [0x000000076b500000,0x000000076f4ccb48,0x000000076f500000)
  from space 10752K, 99% used [0x000000076f500000,0x000000076ff7d4a0,0x000000076ff80000)
  to   space 10752K, 0% used [0x0000000773f80000,0x0000000773f80000,0x0000000774a00000)
 ParOldGen       total 175104K, used 5923K [0x00000006c1e00000, 0x00000006cc900000, 0x000000076b500000)
  object space 175104K, 3% used [0x00000006c1e00000,0x00000006c23c8d08,0x00000006cc900000)
 Metaspace       used 9124K, capacity 9192K, committed 9344K, reserved 1058816K
  class space    used 873K, capacity 886K, committed 896K, reserved 1048576K
Event: 0.998 GC heap after
Heap after GC invocations=4 (full 0):
 PSYoungGen      total 141824K, used 10744K [0x000000076b500000, 0x0000000774a00000, 0x00000007c0000000)
  eden space 131072K, 0% used [0x000000076b500000,0x000000076b500000,0x0000000773500000)
  from space 10752K, 99% used [0x0000000773f80000,0x00000007749fe0f8,0x0000000774a00000)
  to   space 10752K, 0% used [0x0000000773500000,0x0000000773500000,0x0000000773f80000)
 ParOldGen       total 175104K, used 16186K [0x00000006c1e00000, 0x00000006cc900000, 0x000000076b500000)
  object space 175104K, 9% used [0x00000006c1e00000,0x00000006c2dcea40,0x00000006cc900000)
 Metaspace       used 9124K, capacity 9192K, committed 9344K, reserved 1058816K
  class space    used 873K, capacity 886K, committed 896K, reserved 1048576K
}
Event: 1.180 GC heap before
{Heap before GC invocations=5 (full 0):
 PSYoungGen      total 141824K, used 141816K [0x000000076b500000, 0x0000000774a00000, 0x00000007c0000000)
  eden space 131072K, 100% used [0x000000076b500000,0x0000000773500000,0x0000000773500000)
  from space 10752K, 99% used [0x0000000773f80000,0x00000007749fe0f8,0x0000000774a00000)
  to   space 10752K, 0% used [0x0000000773500000,0x0000000773500000,0x0000000773f80000)
 ParOldGen       total 175104K, used 16186K [0x00000006c1e00000, 0x00000006cc900000, 0x000000076b500000)
  object space 175104K, 9% used [0x00000006c1e00000,0x00000006c2dcea40,0x00000006cc900000)
 Metaspace       used 9330K, capacity 9416K, committed 9728K, reserved 1058816K
  class space    used 875K, capacity 918K, committed 1024K, reserved 1048576K
Event: 1.198 GC heap after
Heap after GC invocations=5 (full 0):
 PSYoungGen      total 141824K, used 10738K [0x000000076b500000, 0x0000000774a00000, 0x00000007c0000000)
  eden space 131072K, 0% used [0x000000076b500000,0x000000076b500000,0x0000000773500000)
  from space 10752K, 99% used [0x0000000773500000,0x0000000773f7cb98,0x0000000773f80000)
  to   space 10752K, 0% used [0x0000000773f80000,0x0000000773f80000,0x0000000774a00000)
 ParOldGen       total 175104K, used 27525K [0x00000006c1e00000, 0x00000006cc900000, 0x000000076b500000)
  object space 175104K, 15% used [0x00000006c1e00000,0x00000006c38e1488,0x00000006cc900000)
 Metaspace       used 9330K, capacity 9416K, committed 9728K, reserved 1058816K
  class space    used 875K, capacity 918K, committed 1024K, reserved 1048576K
}

