# JRE version: OpenJDK Runtime Environment (8.0) (build 1.8.0-25-microsoft-b00)
# Java VM: OpenJDK 64-Bit Server VM (25.71-b00 mixed mode windows-amd64 compressed oops)
Heap:
 PSYoungGen      total 141824K, used 138384K [0x000000076b500000, 0x0000000774a00000, 0x00000007c0000000)
  eden space 131072K, 97% used [0x000000076b500000,0x00000007731a93f8,0x0000000773500000)
  from space 10752K, 99% used [0x0000000773500000,0x0000000773f7ac48,0x0000000773f80000)
  to   space 10752K, 0% used [0x0000000773f80000,0x0000000773f80000,0x0000000774a00000)
 ParOldGen       total 175104K, used 82198K [0x00000006c1e00000, 0x00000006cc900000, 0x000000076b500000)
  object space 175104K, 46% used [0x00000006c1e00000,0x00000006c6e45978,0x00000006cc900000)
 Metaspace       used 9370K, capacity 9506K, committed 9600K, reserved 1058816K
  class space    used 845K, capacity 885K, committed 896K, reserved 1048576K
GC Heap History (10 events):
Event: 1.703 GC heap before
{Heap before GC invocations=7 (full 0):
 PSYoungGen      total 141824K, used 141809K [0x000000076b500000, 0x0000000774a00000, 0x00000007c0000000)
  eden space 131072K, 100% used [0x000000076b500000,0x0000000773500000,0x0000000773500000)
  from space 10752K, 99% used [0x0000000773f80000,0x00000007749fc780,0x0000000774a00000)
  to   space 10752K, 0% used [0x0000000773500000,0x0000000773500000,0x0000000773f80000)
 ParOldGen       total 175104K, used 32565K [0x00000006c1e00000, 0x00000006cc900000, 0x000000076b500000)
  object space 175104K, 18% used [0x00000006c1e00000,0x00000006c3dcd660,0x00000006cc900000)
 Metaspace       used 9328K, capacity 9442K, committed 9600K, reserved 1058816K
  class space    used 845K, capacity 885K, committed 896K, reserved 1048576K
Event: 1.717 GC heap after
Heap after GC invocations=7 (full 0):
 PSYoungGen      total 141824K, used 10731K [0x000000076b500000, 0x0000000774a00000, 0x00000007c0000000)
  eden space 131072K, 0% used [0x000000076b500000,0x000000076b500000,0x0000000773500000)
  from space 10752K, 99% used [0x0000000773500000,0x0000000773f7afe8,0x0000000773f80000)
  to   space 10752K, 0% used [0x0000000773f80000,0x0000000773f80000,0x0000000774a00000)
 ParOldGen       total 175104K, used 40304K [0x00000006c1e00000, 0x00000006cc900000, 0x000000076b500000)
  object space 175104K, 23% used [0x00000006c1e00000,0x00000006c455c320,0x00000006cc900000)
 Metaspace       used 9328K, capacity 9442K, committed 9600K, reserved 1058816K
  class space    used 845K, capacity 885K, committed 896K, reserved 1048576K
}
Event: 1.855 GC heap before
{Heap before GC invocations=8 (full 0):
 PSYoungGen      total 141824K, used 141803K [0x000000076b500000, 0x0000000774a00000, 0x00000007c0000000)
  eden space 131072K, 100% used [0x000000076b500000,0x0000000773500000,0x0000000773500000)
  from space 10752K, 99% used [0x0000000773500000,0x0000000773f7afe8,0x0000000773f80000)
  to   space 10752K, 0% used [0x0000000773f80000,0x0000000773f80000,0x0000000774a00000)
 ParOldGen       total 175104K, used 40304K [0x00000006c1e00000, 0x00000006cc900000, 0x000000076b500000)
  object space 175104K, 23% used [0x00000006c1e00000,0x00000006c455c320,0x00000006cc900000)
 Metaspace       used 9338K, capacity 9442K, committed 9600K, reserved 1058816K
  class space    used 845K, capacity 885K, committed 896K, reserved 1048576K
Event: 1.886 GC heap after
Heap after GC invocations=8 (full 0):
 PSYoungGen      total 141824K, used 10749K [0x000000076b500000, 0x0000000774a00000, 0x00000007c0000000)
  eden space 131072K, 0% used [0x000000076b500000,0x000000076b500000,0x0000000773500000)
  from space 10752K, 99% used [0x0000000773f80000,0x00000007749ff718,0x0000000774a00000)
  to   space 10752K, 0% used [0x0000000773500000,0x0000000773500000,0x0000000773f80000)
 ParOldGen       total 175104K, used 52969K [0x00000006c1e00000, 0x00000006cc900000, 0x000000076b500000)
  object space 175104K, 30% used [0x00000006c1e00000,0x00000006c51ba578,0x00000006cc900000)
 Metaspace       used 9338K, capacity 9442K, committed 9600K, reserved 1058816K
  class space    used 845K, capacity 885K, committed 896K, reserved 1048576K
}
Event: 2.007 GC heap before
{Heap before GC invocations=9 (full 0):
 PSYoungGen      total 141824K, used 141821K [0x000000076b500000, 0x0000000774a00000, 0x00000007c0000000)
  eden space 131072K, 100% used [0x000000076b500000,0x0000000773500000,0x0000000773500000)
  from space 10752K, 99% used [0x0000000773f80000,0x00000007749ff718,0x0000000774a00000)
  to   space 10752K, 0% used [0x0000000773500000,0x0000000773500000,0x0000000773f80000)
 ParOldGen       total 175104K, used 52969K [0x00000006c1e00000, 0x00000006cc900000, 0x000000076b500000)
  object space 175104K, 30% used [0x00000006c1e00000,0x00000006c51ba578,0x00000006cc900000)
 Metaspace       used 9350K, capacity 9442K, committed 9600K, reserved 1058816K
  class space    used 845K, capacity 885K, committed 896K, reserved 1048576K
Event: 2.033 GC heap after
Heap after GC invocations=9 (full 0):
 PSYoungGen      total 141824K, used 10724K [0x000000076b500000, 0x0000000774a00000, 0x00000007c0000000)
  eden space 131072K, 0% used [0x000000076b500000,0x000000076b500000,0x0000000773500000)
  from space 10752K, 99% used [0x0000000773500000,0x0000000773f79040,0x0000000773f80000)
  to   space 10752K, 0% used [0x0000000773f80000,0x0000000773f80000,0x0000000774a00000)
 ParOldGen       total 175104K, used 61106K [0x00000006c1e00000, 0x00000006cc900000, 0x000000076b500000)
  object space 175104K, 34% used [0x00000006c1e00000,0x00000006c59acae0,0x00000006cc900000)
 Metaspace       used 9350K, capacity 9442K, committed 9600K, reserved 1058816K
  class space    used 845K, capacity 885K, committed 896K, reserved 1048576K
}
Event: 2.162 GC heap before
{Heap before GC invocations=10 (full 0):
 PSYoungGen      total 141824K, used 141652K [0x000000076b500000, 0x0000000774a00000, 0x00000007c0000000)
  eden space 131072K, 99% used [0x000000076b500000,0x00000007734dc370,0x0000000773500000)
  from space 10752K, 99% used [0x0000000773500000,0x0000000773f79040,0x0000000773f80000)
  to   space 10752K, 0% used [0x0000000773f80000,0x0000000773f80000,0x0000000774a00000)
 ParOldGen       total 175104K, used 61106K [0x00000006c1e00000, 0x00000006cc900000, 0x000000076b500000)
  object space 175104K, 34% used [0x00000006c1e00000,0x00000006c59acae0,0x00000006cc900000)
 Metaspace       used 9362K, capacity 9506K, committed 9600K, reserved 1058816K
  class space    used 845K, capacity 885K, committed 896K, reserved 1048576K
Event: 2.180 GC heap after
Heap after GC invocations=10 (full 0):
 PSYoungGen      total 141824K, used 10751K [0x000000076b500000, 0x0000000774a00000, 0x00000007c0000000)
  eden space 131072K, 0% used [0x000000076b500000,0x000000076b500000,0x0000000773500000)
  from space 10752K, 99% used [0x0000000773f80000,0x00000007749ffc08,0x0000000774a00000)
  to   space 10752K, 0% used [0x0000000773500000,0x0000000773500000,0x0000000773f80000)
 ParOldGen       total 175104K, used 70708K [0x00000006c1e00000, 0x00000006cc900000, 0x000000076b500000)
  object space 175104K, 40% used [0x00000006c1e00000,0x00000006c630d120,0x00000006cc900000)
 Metaspace       used 9362K, capacity 9506K, committed 9600K, reserved 1058816K
  class space    used 845K, capacity 885K, committed 896K, reserved 1048576K
}
Event: 2.300 GC heap before
{Heap before GC invocations=11 (full 0):
 PSYoungGen      total 141824K, used 141823K [0x000000076b500000, 0x0000000774a00000, 0x00000007c0000000)
  eden space 131072K, 100% used [0x000000076b500000,0x0000000773500000,0x0000000773500000)
  from space 10752K, 99% used [0x0000000773f80000,0x00000007749ffc08,0x0000000774a00000)
  to   space 10752K, 0% used [0x0000000773500000,0x0000000773500000,0x0000000773f80000)
 ParOldGen       total 175104K, used 70708K [0x00000006c1e00000, 0x00000006cc900000, 0x000000076b500000)
  object space 175104K, 40% used [0x00000006c1e00000,0x00000006c630d120,0x00000006cc900000)
 Metaspace       used 9366K, capacity 9506K, committed 9600K, reserved 1058816K
  class space    used 845K, capacity 885K, committed 896K, reserved 1048576K
Event: 2.360 GC heap after
Heap after GC invocations=11 (full 0):
 PSYoungGen      total 141824K, used 10731K [0x000000076b500000, 0x0000000774a00000, 0x00000007c0000000)
  eden space 131072K, 0% used [0x000000076b500000,0x000000076b500000,0x0000000773500000)
  from space 10752K, 99% used [0x0000000773500000,0x0000000773f7ac48,0x0000000773f80000)
  to   space 10752K, 0% used [0x0000000773f80000,0x0000000773f80000,0x0000000774a00000)
 ParOldGen       total 175104K, used 82198K [0x00000006c1e00000, 0x00000006cc900000, 0x000000076b500000)
  object space 175104K, 46% used [0x00000006c1e00000,0x00000006c6e45978,0x00000006cc900000)
 Metaspace       used 9366K, capacity 9506K, committed 9600K, reserved 1058816K
  class space    used 845K, capacity 885K, committed 896K, reserved 1048576K
}

