# JRE version: Java(TM) SE Runtime Environment (8.0_202-b08) (build 1.8.0_202-b08)
# Java VM: Java HotSpot(TM) 64-Bit Server VM (25.202-b08 mixed mode windows-amd64 compressed oops)
Heap:
 PSYoungGen      total 304128K, used 131636K [0x00000000eab00000, 0x00000000fff80000, 0x0000000100000000)
  eden space 259584K, 46% used [0x00000000eab00000,0x00000000f213c218,0x00000000fa880000)
  from space 44544K, 23% used [0x00000000fd400000,0x00000000fde50ee0,0x00000000fff80000)
  to   space 44544K, 0% used [0x00000000fa880000,0x00000000fa880000,0x00000000fd400000)
 ParOldGen       total 175104K, used 92637K [0x00000000c0000000, 0x00000000cab00000, 0x00000000eab00000)
  object space 175104K, 52% used [0x00000000c0000000,0x00000000c5a775c8,0x00000000cab00000)
 Metaspace       used 17604K, capacity 19020K, committed 19200K, reserved 1067008K
  class space    used 2239K, capacity 2558K, committed 2560K, reserved 1048576K
GC Heap History (10 events):
Event: 1.455 GC heap before
{Heap before GC invocations=4 (full 0):
 PSYoungGen      total 141824K, used 141800K [0x00000000eab00000, 0x00000000fc000000, 0x0000000100000000)
  eden space 131072K, 100% used [0x00000000eab00000,0x00000000f2b00000,0x00000000f2b00000)
  from space 10752K, 99% used [0x00000000f2b00000,0x00000000f357a100,0x00000000f3580000)
  to   space 10752K, 0% used [0x00000000fb580000,0x00000000fb580000,0x00000000fc000000)
 ParOldGen       total 175104K, used 56945K [0x00000000c0000000, 0x00000000cab00000, 0x00000000eab00000)
  object space 175104K, 32% used [0x00000000c0000000,0x00000000c379c5e0,0x00000000cab00000)
 Metaspace       used 14233K, capacity 15386K, committed 15616K, reserved 1062912K
  class space    used 1933K, capacity 2207K, committed 2304K, reserved 1048576K
Event: 1.493 GC heap after
Heap after GC invocations=4 (full 0):
 PSYoungGen      total 272896K, used 10744K [0x00000000eab00000, 0x00000000fc000000, 0x0000000100000000)
  eden space 262144K, 0% used [0x00000000eab00000,0x00000000eab00000,0x00000000fab00000)
  from space 10752K, 99% used [0x00000000fb580000,0x00000000fbffe080,0x00000000fc000000)
  to   space 10752K, 0% used [0x00000000fab00000,0x00000000fab00000,0x00000000fb580000)
 ParOldGen       total 175104K, used 76360K [0x00000000c0000000, 0x00000000cab00000, 0x00000000eab00000)
  object space 175104K, 43% used [0x00000000c0000000,0x00000000c4a92058,0x00000000cab00000)
 Metaspace       used 14233K, capacity 15386K, committed 15616K, reserved 1062912K
  class space    used 1933K, capacity 2207K, committed 2304K, reserved 1048576K
}
Event: 2.337 GC heap before
{Heap before GC invocations=5 (full 0):
 PSYoungGen      total 272896K, used 272888K [0x00000000eab00000, 0x00000000fc000000, 0x0000000100000000)
  eden space 262144K, 100% used [0x00000000eab00000,0x00000000fab00000,0x00000000fab00000)
  from space 10752K, 99% used [0x00000000fb580000,0x00000000fbffe080,0x00000000fc000000)
  to   space 10752K, 0% used [0x00000000fab00000,0x00000000fab00000,0x00000000fb580000)
 ParOldGen       total 175104K, used 76360K [0x00000000c0000000, 0x00000000cab00000, 0x00000000eab00000)
  object space 175104K, 43% used [0x00000000c0000000,0x00000000c4a92058,0x00000000cab00000)
 Metaspace       used 16415K, capacity 17672K, committed 17920K, reserved 1064960K
  class space    used 2174K, capacity 2444K, committed 2560K, reserved 1048576K
Event: 2.367 GC heap after
Heap after GC invocations=5 (full 0):
 PSYoungGen      total 272896K, used 10728K [0x00000000eab00000, 0x0000000100000000, 0x0000000100000000)
  eden space 262144K, 0% used [0x00000000eab00000,0x00000000eab00000,0x00000000fab00000)
  from space 10752K, 99% used [0x00000000fab00000,0x00000000fb57a080,0x00000000fb580000)
  to   space 44544K, 0% used [0x00000000fd480000,0x00000000fd480000,0x0000000100000000)
 ParOldGen       total 175104K, used 82999K [0x00000000c0000000, 0x00000000cab00000, 0x00000000eab00000)
  object space 175104K, 47% used [0x00000000c0000000,0x00000000c510de90,0x00000000cab00000)
 Metaspace       used 16415K, capacity 17672K, committed 17920K, reserved 1064960K
  class space    used 2174K, capacity 2444K, committed 2560K, reserved 1048576K
}
Event: 2.793 GC heap before
{Heap before GC invocations=6 (full 0):
 PSYoungGen      total 272896K, used 272872K [0x00000000eab00000, 0x0000000100000000, 0x0000000100000000)
  eden space 262144K, 100% used [0x00000000eab00000,0x00000000fab00000,0x00000000fab00000)
  from space 10752K, 99% used [0x00000000fab00000,0x00000000fb57a080,0x00000000fb580000)
  to   space 44544K, 0% used [0x00000000fd480000,0x00000000fd480000,0x0000000100000000)
 ParOldGen       total 175104K, used 82999K [0x00000000c0000000, 0x00000000cab00000, 0x00000000eab00000)
  object space 175104K, 47% used [0x00000000c0000000,0x00000000c510de90,0x00000000cab00000)
 Metaspace       used 17085K, capacity 18436K, committed 18688K, reserved 1064960K
  class space    used 2189K, capacity 2482K, committed 2560K, reserved 1048576K
Event: 2.816 GC heap after
Heap after GC invocations=6 (full 0):
 PSYoungGen      total 303616K, used 14696K [0x00000000eab00000, 0x0000000100000000, 0x0000000100000000)
  eden space 259072K, 0% used [0x00000000eab00000,0x00000000eab00000,0x00000000fa800000)
  from space 44544K, 32% used [0x00000000fd480000,0x00000000fe2da090,0x0000000100000000)
  to   space 45056K, 0% used [0x00000000fa800000,0x00000000fa800000,0x00000000fd400000)
 ParOldGen       total 175104K, used 83007K [0x00000000c0000000, 0x00000000cab00000, 0x00000000eab00000)
  object space 175104K, 47% used [0x00000000c0000000,0x00000000c510fe90,0x00000000cab00000)
 Metaspace       used 17085K, capacity 18436K, committed 18688K, reserved 1064960K
  class space    used 2189K, capacity 2482K, committed 2560K, reserved 1048576K
}
Event: 3.192 GC heap before
{Heap before GC invocations=7 (full 0):
 PSYoungGen      total 303616K, used 273768K [0x00000000eab00000, 0x0000000100000000, 0x0000000100000000)
  eden space 259072K, 100% used [0x00000000eab00000,0x00000000fa800000,0x00000000fa800000)
  from space 44544K, 32% used [0x00000000fd480000,0x00000000fe2da090,0x0000000100000000)
  to   space 45056K, 0% used [0x00000000fa800000,0x00000000fa800000,0x00000000fd400000)
 ParOldGen       total 175104K, used 83007K [0x00000000c0000000, 0x00000000cab00000, 0x00000000eab00000)
  object space 175104K, 47% used [0x00000000c0000000,0x00000000c510fe90,0x00000000cab00000)
 Metaspace       used 17225K, capacity 18524K, committed 18688K, reserved 1064960K
  class space    used 2195K, capacity 2482K, committed 2560K, reserved 1048576K
Event: 3.224 GC heap after
Heap after GC invocations=7 (full 0):
 PSYoungGen      total 304128K, used 15040K [0x00000000eab00000, 0x00000000fff80000, 0x0000000100000000)
  eden space 259072K, 0% used [0x00000000eab00000,0x00000000eab00000,0x00000000fa800000)
  from space 45056K, 33% used [0x00000000fa800000,0x00000000fb6b0060,0x00000000fd400000)
  to   space 44544K, 0% used [0x00000000fd400000,0x00000000fd400000,0x00000000fff80000)
 ParOldGen       total 175104K, used 85362K [0x00000000c0000000, 0x00000000cab00000, 0x00000000eab00000)
  object space 175104K, 48% used [0x00000000c0000000,0x00000000c535c858,0x00000000cab00000)
 Metaspace       used 17225K, capacity 18524K, committed 18688K, reserved 1064960K
  class space    used 2195K, capacity 2482K, committed 2560K, reserved 1048576K
}
Event: 3.577 GC heap before
{Heap before GC invocations=8 (full 0):
 PSYoungGen      total 304128K, used 274112K [0x00000000eab00000, 0x00000000fff80000, 0x0000000100000000)
  eden space 259072K, 100% used [0x00000000eab00000,0x00000000fa800000,0x00000000fa800000)
  from space 45056K, 33% used [0x00000000fa800000,0x00000000fb6b0060,0x00000000fd400000)
  to   space 44544K, 0% used [0x00000000fd400000,0x00000000fd400000,0x00000000fff80000)
 ParOldGen       total 175104K, used 85362K [0x00000000c0000000, 0x00000000cab00000, 0x00000000eab00000)
  object space 175104K, 48% used [0x00000000c0000000,0x00000000c535c858,0x00000000cab00000)
 Metaspace       used 17591K, capacity 19020K, committed 19200K, reserved 1067008K
  class space    used 2239K, capacity 2558K, committed 2560K, reserved 1048576K
Event: 3.609 GC heap after
Heap after GC invocations=8 (full 0):
 PSYoungGen      total 304128K, used 10563K [0x00000000eab00000, 0x00000000fff80000, 0x0000000100000000)
  eden space 259584K, 0% used [0x00000000eab00000,0x00000000eab00000,0x00000000fa880000)
  from space 44544K, 23% used [0x00000000fd400000,0x00000000fde50ee0,0x00000000fff80000)
  to   space 44544K, 0% used [0x00000000fa880000,0x00000000fa880000,0x00000000fd400000)
 ParOldGen       total 175104K, used 92637K [0x00000000c0000000, 0x00000000cab00000, 0x00000000eab00000)
  object space 175104K, 52% used [0x00000000c0000000,0x00000000c5a775c8,0x00000000cab00000)
 Metaspace       used 17591K, capacity 19020K, committed 19200K, reserved 1067008K
  class space    used 2239K, capacity 2558K, committed 2560K, reserved 1048576K
}

