# JRE version: OpenJDK Runtime Environment (8.0) (build 1.8.0-25-microsoft-b00)
# Java VM: OpenJDK 64-Bit Server VM (25.71-b00 mixed mode windows-amd64 compressed oops)
Heap:
 PSYoungGen      total 297984K, used 95505K [0x000000076b500000, 0x000000078fb00000, 0x00000007c0000000)
  eden space 259584K, 25% used [0x000000076b500000,0x000000076f52a060,0x000000077b280000)
  from space 38400K, 77% used [0x000000078d580000,0x000000078f29a3b0,0x000000078fb00000)
  to   space 30720K, 0% used [0x000000077b280000,0x000000077b280000,0x000000077d080000)
 ParOldGen       total 175104K, used 44692K [0x00000006c1e00000, 0x00000006cc900000, 0x000000076b500000)
  object space 175104K, 25% used [0x00000006c1e00000,0x00000006c49a53d0,0x00000006cc900000)
 Metaspace       used 10201K, capacity 10306K, committed 10496K, reserved 1058816K
  class space    used 945K, capacity 981K, committed 1024K, reserved 1048576K
GC Heap History (10 events):
Event: 1.008 GC heap before
{Heap before GC invocations=4 (full 0):
 PSYoungGen      total 76288K, used 76280K [0x000000076b500000, 0x0000000774a00000, 0x00000007c0000000)
  eden space 65536K, 100% used [0x000000076b500000,0x000000076f500000,0x000000076f500000)
  from space 10752K, 99% used [0x000000076f500000,0x000000076ff7e350,0x000000076ff80000)
  to   space 10752K, 0% used [0x0000000773f80000,0x0000000773f80000,0x0000000774a00000)
 ParOldGen       total 175104K, used 5103K [0x00000006c1e00000, 0x00000006cc900000, 0x000000076b500000)
  object space 175104K, 2% used [0x00000006c1e00000,0x00000006c22fbce0,0x00000006cc900000)
 Metaspace       used 8950K, capacity 9058K, committed 9088K, reserved 1056768K
  class space    used 830K, capacity 885K, committed 896K, reserved 1048576K
Event: 1.025 GC heap after
Heap after GC invocations=4 (full 0):
 PSYoungGen      total 141824K, used 10740K [0x000000076b500000, 0x0000000774a00000, 0x00000007c0000000)
  eden space 131072K, 0% used [0x000000076b500000,0x000000076b500000,0x0000000773500000)
  from space 10752K, 99% used [0x0000000773f80000,0x00000007749fd0a8,0x0000000774a00000)
  to   space 10752K, 0% used [0x0000000773500000,0x0000000773500000,0x0000000773f80000)
 ParOldGen       total 175104K, used 19104K [0x00000006c1e00000, 0x00000006cc900000, 0x000000076b500000)
  object space 175104K, 10% used [0x00000006c1e00000,0x00000006c30a8020,0x00000006cc900000)
 Metaspace       used 8950K, capacity 9058K, committed 9088K, reserved 1056768K
  class space    used 830K, capacity 885K, committed 896K, reserved 1048576K
}
Event: 1.171 GC heap before
{Heap before GC invocations=5 (full 0):
 PSYoungGen      total 141824K, used 141812K [0x000000076b500000, 0x0000000774a00000, 0x00000007c0000000)
  eden space 131072K, 100% used [0x000000076b500000,0x0000000773500000,0x0000000773500000)
  from space 10752K, 99% used [0x0000000773f80000,0x00000007749fd0a8,0x0000000774a00000)
  to   space 10752K, 0% used [0x0000000773500000,0x0000000773500000,0x0000000773f80000)
 ParOldGen       total 175104K, used 23539K [0x00000006c1e00000, 0x00000006cc900000, 0x000000076b500000)
  object space 175104K, 13% used [0x00000006c1e00000,0x00000006c34fcef8,0x00000006cc900000)
 Metaspace       used 9287K, capacity 9378K, committed 9600K, reserved 1058816K
  class space    used 844K, capacity 885K, committed 896K, reserved 1048576K
Event: 1.185 GC heap after
Heap after GC invocations=5 (full 0):
 PSYoungGen      total 141824K, used 10736K [0x000000076b500000, 0x000000077ec00000, 0x00000007c0000000)
  eden space 131072K, 0% used [0x000000076b500000,0x000000076b500000,0x0000000773500000)
  from space 10752K, 99% used [0x0000000773500000,0x0000000773f7c2c0,0x0000000773f80000)
  to   space 28160K, 0% used [0x000000077d080000,0x000000077d080000,0x000000077ec00000)
 ParOldGen       total 175104K, used 32765K [0x00000006c1e00000, 0x00000006cc900000, 0x000000076b500000)
  object space 175104K, 18% used [0x00000006c1e00000,0x00000006c3dff4d8,0x00000006cc900000)
 Metaspace       used 9287K, capacity 9378K, committed 9600K, reserved 1058816K
  class space    used 844K, capacity 885K, committed 896K, reserved 1048576K
}
Event: 1.250 GC heap before
{Heap before GC invocations=6 (full 0):
 PSYoungGen      total 141824K, used 141808K [0x000000076b500000, 0x000000077ec00000, 0x00000007c0000000)
  eden space 131072K, 100% used [0x000000076b500000,0x0000000773500000,0x0000000773500000)
  from space 10752K, 99% used [0x0000000773500000,0x0000000773f7c2c0,0x0000000773f80000)
  to   space 28160K, 0% used [0x000000077d080000,0x000000077d080000,0x000000077ec00000)
 ParOldGen       total 175104K, used 34449K [0x00000006c1e00000, 0x00000006cc900000, 0x000000076b500000)
  object space 175104K, 19% used [0x00000006c1e00000,0x00000006c3fa4420,0x00000006cc900000)
 Metaspace       used 9330K, capacity 9442K, committed 9600K, reserved 1058816K
  class space    used 845K, capacity 885K, committed 896K, reserved 1048576K
Event: 1.263 GC heap after
Heap after GC invocations=6 (full 0):
 PSYoungGen      total 287744K, used 22779K [0x000000076b500000, 0x000000077f100000, 0x00000007c0000000)
  eden space 259584K, 0% used [0x000000076b500000,0x000000076b500000,0x000000077b280000)
  from space 28160K, 80% used [0x000000077d080000,0x000000077e6bed58,0x000000077ec00000)
  to   space 30720K, 0% used [0x000000077b280000,0x000000077b280000,0x000000077d080000)
 ParOldGen       total 175104K, used 34449K [0x00000006c1e00000, 0x00000006cc900000, 0x000000076b500000)
  object space 175104K, 19% used [0x00000006c1e00000,0x00000006c3fa4420,0x00000006cc900000)
 Metaspace       used 9330K, capacity 9442K, committed 9600K, reserved 1058816K
  class space    used 845K, capacity 885K, committed 896K, reserved 1048576K
}
Event: 1.435 GC heap before
{Heap before GC invocations=7 (full 0):
 PSYoungGen      total 287744K, used 282363K [0x000000076b500000, 0x000000077f100000, 0x00000007c0000000)
  eden space 259584K, 100% used [0x000000076b500000,0x000000077b280000,0x000000077b280000)
  from space 28160K, 80% used [0x000000077d080000,0x000000077e6bed58,0x000000077ec00000)
  to   space 30720K, 0% used [0x000000077b280000,0x000000077b280000,0x000000077d080000)
 ParOldGen       total 175104K, used 34451K [0x00000006c1e00000, 0x00000006cc900000, 0x000000076b500000)
  object space 175104K, 19% used [0x00000006c1e00000,0x00000006c3fa4cf0,0x00000006cc900000)
 Metaspace       used 10145K, capacity 10306K, committed 10496K, reserved 1058816K
  class space    used 940K, capacity 981K, committed 1024K, reserved 1048576K
Event: 1.467 GC heap after
Heap after GC invocations=7 (full 0):
 PSYoungGen      total 290304K, used 30712K [0x000000076b500000, 0x000000078fb00000, 0x00000007c0000000)
  eden space 259584K, 0% used [0x000000076b500000,0x000000076b500000,0x000000077b280000)
  from space 30720K, 99% used [0x000000077b280000,0x000000077d07e028,0x000000077d080000)
  to   space 38400K, 0% used [0x000000078d580000,0x000000078d580000,0x000000078fb00000)
 ParOldGen       total 175104K, used 38517K [0x00000006c1e00000, 0x00000006cc900000, 0x000000076b500000)
  object space 175104K, 21% used [0x00000006c1e00000,0x00000006c439d558,0x00000006cc900000)
 Metaspace       used 10145K, capacity 10306K, committed 10496K, reserved 1058816K
  class space    used 940K, capacity 981K, committed 1024K, reserved 1048576K
}
Event: 1.598 GC heap before
{Heap before GC invocations=8 (full 0):
 PSYoungGen      total 290304K, used 290296K [0x000000076b500000, 0x000000078fb00000, 0x00000007c0000000)
  eden space 259584K, 100% used [0x000000076b500000,0x000000077b280000,0x000000077b280000)
  from space 30720K, 99% used [0x000000077b280000,0x000000077d07e028,0x000000077d080000)
  to   space 38400K, 0% used [0x000000078d580000,0x000000078d580000,0x000000078fb00000)
 ParOldGen       total 175104K, used 38517K [0x00000006c1e00000, 0x00000006cc900000, 0x000000076b500000)
  object space 175104K, 21% used [0x00000006c1e00000,0x00000006c439d558,0x00000006cc900000)
 Metaspace       used 10199K, capacity 10306K, committed 10496K, reserved 1058816K
  class space    used 945K, capacity 981K, committed 1024K, reserved 1048576K
Event: 1.626 GC heap after
Heap after GC invocations=8 (full 0):
 PSYoungGen      total 297984K, used 29800K [0x000000076b500000, 0x000000078fb00000, 0x00000007c0000000)
  eden space 259584K, 0% used [0x000000076b500000,0x000000076b500000,0x000000077b280000)
  from space 38400K, 77% used [0x000000078d580000,0x000000078f29a3b0,0x000000078fb00000)
  to   space 30720K, 0% used [0x000000077b280000,0x000000077b280000,0x000000077d080000)
 ParOldGen       total 175104K, used 44692K [0x00000006c1e00000, 0x00000006cc900000, 0x000000076b500000)
  object space 175104K, 25% used [0x00000006c1e00000,0x00000006c49a53d0,0x00000006cc900000)
 Metaspace       used 10199K, capacity 10306K, committed 10496K, reserved 1058816K
  class space    used 945K, capacity 981K, committed 1024K, reserved 1048576K
}

