# JRE version: OpenJDK Runtime Environment (8.0) (build 1.8.0-25-microsoft-b00)
# Java VM: OpenJDK 64-Bit Server VM (25.71-b00 mixed mode windows-amd64 compressed oops)
Heap:
 PSYoungGen      total 141824K, used 137397K [0x000000076b500000, 0x0000000774a00000, 0x00000007c0000000)
  eden space 131072K, 96% used [0x000000076b500000,0x00000007730b3a98,0x0000000773500000)
  from space 10752K, 99% used [0x0000000773f80000,0x00000007749f9cf0,0x0000000774a00000)
  to   space 10752K, 0% used [0x0000000773500000,0x0000000773500000,0x0000000773f80000)
 ParOldGen       total 175104K, used 40574K [0x00000006c1e00000, 0x00000006cc900000, 0x000000076b500000)
  object space 175104K, 23% used [0x00000006c1e00000,0x00000006c459f958,0x00000006cc900000)
 Metaspace       used 9316K, capacity 9436K, committed 9600K, reserved 1058816K
  class space    used 845K, capacity 884K, committed 896K, reserved 1048576K
GC Heap History (10 events):
Event: 0.528 GC heap before
{Heap before GC invocations=2 (full 0):
 PSYoungGen      total 76288K, used 71879K [0x000000076b500000, 0x0000000770a00000, 0x00000007c0000000)
  eden space 65536K, 99% used [0x000000076b500000,0x000000076f4972c0,0x000000076f500000)
  from space 10752K, 62% used [0x000000076f500000,0x000000076fb9ab60,0x000000076ff80000)
  to   space 10752K, 0% used [0x000000076ff80000,0x000000076ff80000,0x0000000770a00000)
 ParOldGen       total 175104K, used 1616K [0x00000006c1e00000, 0x00000006cc900000, 0x000000076b500000)
  object space 175104K, 0% used [0x00000006c1e00000,0x00000006c1f941b0,0x00000006cc900000)
 Metaspace       used 8441K, capacity 8540K, committed 8832K, reserved 1056768K
  class space    used 800K, capacity 820K, committed 896K, reserved 1048576K
Event: 0.531 GC heap after
Heap after GC invocations=2 (full 0):
 PSYoungGen      total 76288K, used 6052K [0x000000076b500000, 0x0000000774a00000, 0x00000007c0000000)
  eden space 65536K, 0% used [0x000000076b500000,0x000000076b500000,0x000000076f500000)
  from space 10752K, 56% used [0x000000076ff80000,0x0000000770569088,0x0000000770a00000)
  to   space 10752K, 0% used [0x000000076f500000,0x000000076f500000,0x000000076ff80000)
 ParOldGen       total 175104K, used 1624K [0x00000006c1e00000, 0x00000006cc900000, 0x000000076b500000)
  object space 175104K, 0% used [0x00000006c1e00000,0x00000006c1f961b0,0x00000006cc900000)
 Metaspace       used 8441K, capacity 8540K, committed 8832K, reserved 1056768K
  class space    used 800K, capacity 820K, committed 896K, reserved 1048576K
}
Event: 0.608 GC heap before
{Heap before GC invocations=3 (full 0):
 PSYoungGen      total 76288K, used 71588K [0x000000076b500000, 0x0000000774a00000, 0x00000007c0000000)
  eden space 65536K, 100% used [0x000000076b500000,0x000000076f500000,0x000000076f500000)
  from space 10752K, 56% used [0x000000076ff80000,0x0000000770569088,0x0000000770a00000)
  to   space 10752K, 0% used [0x000000076f500000,0x000000076f500000,0x000000076ff80000)
 ParOldGen       total 175104K, used 1628K [0x00000006c1e00000, 0x00000006cc900000, 0x000000076b500000)
  object space 175104K, 0% used [0x00000006c1e00000,0x00000006c1f970a0,0x00000006cc900000)
 Metaspace       used 8634K, capacity 8764K, committed 8832K, reserved 1056768K
  class space    used 811K, capacity 852K, committed 896K, reserved 1048576K
Event: 0.631 GC heap after
Heap after GC invocations=3 (full 0):
 PSYoungGen      total 76288K, used 10732K [0x000000076b500000, 0x0000000774a00000, 0x00000007c0000000)
  eden space 65536K, 0% used [0x000000076b500000,0x000000076b500000,0x000000076f500000)
  from space 10752K, 99% used [0x000000076f500000,0x000000076ff7b380,0x000000076ff80000)
  to   space 10752K, 0% used [0x0000000773f80000,0x0000000773f80000,0x0000000774a00000)
 ParOldGen       total 175104K, used 11254K [0x00000006c1e00000, 0x00000006cc900000, 0x000000076b500000)
  object space 175104K, 6% used [0x00000006c1e00000,0x00000006c28fd9a0,0x00000006cc900000)
 Metaspace       used 8634K, capacity 8764K, committed 8832K, reserved 1056768K
  class space    used 811K, capacity 852K, committed 896K, reserved 1048576K
}
Event: 0.763 GC heap before
{Heap before GC invocations=4 (full 0):
 PSYoungGen      total 76288K, used 76268K [0x000000076b500000, 0x0000000774a00000, 0x00000007c0000000)
  eden space 65536K, 100% used [0x000000076b500000,0x000000076f500000,0x000000076f500000)
  from space 10752K, 99% used [0x000000076f500000,0x000000076ff7b380,0x000000076ff80000)
  to   space 10752K, 0% used [0x0000000773f80000,0x0000000773f80000,0x0000000774a00000)
 ParOldGen       total 175104K, used 11254K [0x00000006c1e00000, 0x00000006cc900000, 0x000000076b500000)
  object space 175104K, 6% used [0x00000006c1e00000,0x00000006c28fd9a0,0x00000006cc900000)
 Metaspace       used 9164K, capacity 9308K, committed 9344K, reserved 1058816K
  class space    used 842K, capacity 884K, committed 896K, reserved 1048576K
Event: 0.772 GC heap after
Heap after GC invocations=4 (full 0):
 PSYoungGen      total 141824K, used 10732K [0x000000076b500000, 0x0000000774a00000, 0x00000007c0000000)
  eden space 131072K, 0% used [0x000000076b500000,0x000000076b500000,0x0000000773500000)
  from space 10752K, 99% used [0x0000000773f80000,0x00000007749fb0a8,0x0000000774a00000)
  to   space 10752K, 0% used [0x0000000773500000,0x0000000773500000,0x0000000773f80000)
 ParOldGen       total 175104K, used 17645K [0x00000006c1e00000, 0x00000006cc900000, 0x000000076b500000)
  object space 175104K, 10% used [0x00000006c1e00000,0x00000006c2f3b628,0x00000006cc900000)
 Metaspace       used 9164K, capacity 9308K, committed 9344K, reserved 1058816K
  class space    used 842K, capacity 884K, committed 896K, reserved 1048576K
}
Event: 0.902 GC heap before
{Heap before GC invocations=5 (full 0):
 PSYoungGen      total 141824K, used 141804K [0x000000076b500000, 0x0000000774a00000, 0x00000007c0000000)
  eden space 131072K, 100% used [0x000000076b500000,0x0000000773500000,0x0000000773500000)
  from space 10752K, 99% used [0x0000000773f80000,0x00000007749fb0a8,0x0000000774a00000)
  to   space 10752K, 0% used [0x0000000773500000,0x0000000773500000,0x0000000773f80000)
 ParOldGen       total 175104K, used 18504K [0x00000006c1e00000, 0x00000006cc900000, 0x000000076b500000)
  object space 175104K, 10% used [0x00000006c1e00000,0x00000006c3012068,0x00000006cc900000)
 Metaspace       used 9257K, capacity 9372K, committed 9600K, reserved 1058816K
  class space    used 843K, capacity 884K, committed 896K, reserved 1048576K
Event: 0.913 GC heap after
Heap after GC invocations=5 (full 0):
 PSYoungGen      total 141824K, used 10741K [0x000000076b500000, 0x0000000774a00000, 0x00000007c0000000)
  eden space 131072K, 0% used [0x000000076b500000,0x000000076b500000,0x0000000773500000)
  from space 10752K, 99% used [0x0000000773500000,0x0000000773f7d668,0x0000000773f80000)
  to   space 10752K, 0% used [0x0000000773f80000,0x0000000773f80000,0x0000000774a00000)
 ParOldGen       total 175104K, used 26498K [0x00000006c1e00000, 0x00000006cc900000, 0x000000076b500000)
  object space 175104K, 15% used [0x00000006c1e00000,0x00000006c37e0ab8,0x00000006cc900000)
 Metaspace       used 9257K, capacity 9372K, committed 9600K, reserved 1058816K
  class space    used 843K, capacity 884K, committed 896K, reserved 1048576K
}
Event: 1.010 GC heap before
{Heap before GC invocations=6 (full 0):
 PSYoungGen      total 141824K, used 141813K [0x000000076b500000, 0x0000000774a00000, 0x00000007c0000000)
  eden space 131072K, 100% used [0x000000076b500000,0x0000000773500000,0x0000000773500000)
  from space 10752K, 99% used [0x0000000773500000,0x0000000773f7d668,0x0000000773f80000)
  to   space 10752K, 0% used [0x0000000773f80000,0x0000000773f80000,0x0000000774a00000)
 ParOldGen       total 175104K, used 27215K [0x00000006c1e00000, 0x00000006cc900000, 0x000000076b500000)
  object space 175104K, 15% used [0x00000006c1e00000,0x00000006c3893e00,0x00000006cc900000)
 Metaspace       used 9290K, capacity 9372K, committed 9600K, reserved 1058816K
  class space    used 845K, capacity 884K, committed 896K, reserved 1048576K
Event: 1.028 GC heap after
Heap after GC invocations=6 (full 0):
 PSYoungGen      total 141824K, used 10727K [0x000000076b500000, 0x0000000774a00000, 0x00000007c0000000)
  eden space 131072K, 0% used [0x000000076b500000,0x000000076b500000,0x0000000773500000)
  from space 10752K, 99% used [0x0000000773f80000,0x00000007749f9cf0,0x0000000774a00000)
  to   space 10752K, 0% used [0x0000000773500000,0x0000000773500000,0x0000000773f80000)
 ParOldGen       total 175104K, used 40574K [0x00000006c1e00000, 0x00000006cc900000, 0x000000076b500000)
  object space 175104K, 23% used [0x00000006c1e00000,0x00000006c459f958,0x00000006cc900000)
 Metaspace       used 9290K, capacity 9372K, committed 9600K, reserved 1058816K
  class space    used 845K, capacity 884K, committed 896K, reserved 1048576K
}

