# JRE version: Java(TM) SE Runtime Environment (8.0_202-b08) (build 1.8.0_202-b08)
# Java VM: Java HotSpot(TM) 64-Bit Server VM (25.202-b08 mixed mode windows-amd64 compressed oops)
Heap:
 PSYoungGen      total 290304K, used 279684K [0x000000076b500000, 0x000000078f500000, 0x00000007c0000000)
  eden space 261632K, 96% used [0x000000076b500000,0x000000077aac52b8,0x000000077b480000)
  from space 28672K, 97% used [0x000000077b480000,0x000000077cfdbf88,0x000000077d080000)
  to   space 33280K, 0% used [0x000000078d480000,0x000000078d480000,0x000000078f500000)
 ParOldGen       total 175104K, used 34851K [0x00000006c1e00000, 0x00000006cc900000, 0x000000076b500000)
  object space 175104K, 19% used [0x00000006c1e00000,0x00000006c4008d20,0x00000006cc900000)
 Metaspace       used 10530K, capacity 10614K, committed 10880K, reserved 1058816K
  class space    used 1006K, capacity 1043K, committed 1152K, reserved 1048576K
GC Heap History (10 events):
Event: 0.961 GC heap before
{Heap before GC invocations=3 (full 0):
 PSYoungGen      total 76288K, used 72029K [0x000000076b500000, 0x0000000774a00000, 0x00000007c0000000)
  eden space 65536K, 100% used [0x000000076b500000,0x000000076f500000,0x000000076f500000)
  from space 10752K, 60% used [0x000000076ff80000,0x00000007705d74e0,0x0000000770a00000)
  to   space 10752K, 0% used [0x000000076f500000,0x000000076f500000,0x000000076ff80000)
 ParOldGen       total 175104K, used 88K [0x00000006c1e00000, 0x00000006cc900000, 0x000000076b500000)
  object space 175104K, 0% used [0x00000006c1e00000,0x00000006c1e16010,0x00000006cc900000)
 Metaspace       used 8528K, capacity 8630K, committed 8832K, reserved 1056768K
  class space    used 828K, capacity 851K, committed 896K, reserved 1048576K
Event: 0.970 GC heap after
Heap after GC invocations=3 (full 0):
 PSYoungGen      total 76288K, used 10724K [0x000000076b500000, 0x0000000774a00000, 0x00000007c0000000)
  eden space 65536K, 0% used [0x000000076b500000,0x000000076b500000,0x000000076f500000)
  from space 10752K, 99% used [0x000000076f500000,0x000000076ff79150,0x000000076ff80000)
  to   space 10752K, 0% used [0x0000000773f80000,0x0000000773f80000,0x0000000774a00000)
 ParOldGen       total 175104K, used 5754K [0x00000006c1e00000, 0x00000006cc900000, 0x000000076b500000)
  object space 175104K, 3% used [0x00000006c1e00000,0x00000006c239ea80,0x00000006cc900000)
 Metaspace       used 8528K, capacity 8630K, committed 8832K, reserved 1056768K
  class space    used 828K, capacity 851K, committed 896K, reserved 1048576K
}
Event: 1.129 GC heap before
{Heap before GC invocations=4 (full 0):
 PSYoungGen      total 76288K, used 76260K [0x000000076b500000, 0x0000000774a00000, 0x00000007c0000000)
  eden space 65536K, 100% used [0x000000076b500000,0x000000076f500000,0x000000076f500000)
  from space 10752K, 99% used [0x000000076f500000,0x000000076ff79150,0x000000076ff80000)
  to   space 10752K, 0% used [0x0000000773f80000,0x0000000773f80000,0x0000000774a00000)
 ParOldGen       total 175104K, used 5754K [0x00000006c1e00000, 0x00000006cc900000, 0x000000076b500000)
  object space 175104K, 3% used [0x00000006c1e00000,0x00000006c239ea80,0x00000006cc900000)
 Metaspace       used 9158K, capacity 9238K, committed 9344K, reserved 1058816K
  class space    used 871K, capacity 883K, committed 896K, reserved 1048576K
Event: 1.144 GC heap after
Heap after GC invocations=4 (full 0):
 PSYoungGen      total 141824K, used 10734K [0x000000076b500000, 0x0000000774a00000, 0x00000007c0000000)
  eden space 131072K, 0% used [0x000000076b500000,0x000000076b500000,0x0000000773500000)
  from space 10752K, 99% used [0x0000000773f80000,0x00000007749fb8f0,0x0000000774a00000)
  to   space 10752K, 0% used [0x0000000773500000,0x0000000773500000,0x0000000773f80000)
 ParOldGen       total 175104K, used 15020K [0x00000006c1e00000, 0x00000006cc900000, 0x000000076b500000)
  object space 175104K, 8% used [0x00000006c1e00000,0x00000006c2cab348,0x00000006cc900000)
 Metaspace       used 9158K, capacity 9238K, committed 9344K, reserved 1058816K
  class space    used 871K, capacity 883K, committed 896K, reserved 1048576K
}
Event: 1.330 GC heap before
{Heap before GC invocations=5 (full 0):
 PSYoungGen      total 141824K, used 141806K [0x000000076b500000, 0x0000000774a00000, 0x00000007c0000000)
  eden space 131072K, 100% used [0x000000076b500000,0x0000000773500000,0x0000000773500000)
  from space 10752K, 99% used [0x0000000773f80000,0x00000007749fb8f0,0x0000000774a00000)
  to   space 10752K, 0% used [0x0000000773500000,0x0000000773500000,0x0000000773f80000)
 ParOldGen       total 175104K, used 15020K [0x00000006c1e00000, 0x00000006cc900000, 0x000000076b500000)
  object space 175104K, 8% used [0x00000006c1e00000,0x00000006c2cab348,0x00000006cc900000)
 Metaspace       used 9330K, capacity 9398K, committed 9728K, reserved 1058816K
  class space    used 874K, capacity 915K, committed 1024K, reserved 1048576K
Event: 1.345 GC heap after
Heap after GC invocations=5 (full 0):
 PSYoungGen      total 141824K, used 10720K [0x000000076b500000, 0x000000077ec00000, 0x00000007c0000000)
  eden space 131072K, 0% used [0x000000076b500000,0x000000076b500000,0x0000000773500000)
  from space 10752K, 99% used [0x0000000773500000,0x0000000773f78098,0x0000000773f80000)
  to   space 28160K, 0% used [0x000000077d080000,0x000000077d080000,0x000000077ec00000)
 ParOldGen       total 175104K, used 25973K [0x00000006c1e00000, 0x00000006cc900000, 0x000000076b500000)
  object space 175104K, 14% used [0x00000006c1e00000,0x00000006c375d490,0x00000006cc900000)
 Metaspace       used 9330K, capacity 9398K, committed 9728K, reserved 1058816K
  class space    used 874K, capacity 915K, committed 1024K, reserved 1048576K
}
Event: 1.457 GC heap before
{Heap before GC invocations=6 (full 0):
 PSYoungGen      total 141824K, used 141792K [0x000000076b500000, 0x000000077ec00000, 0x00000007c0000000)
  eden space 131072K, 100% used [0x000000076b500000,0x0000000773500000,0x0000000773500000)
  from space 10752K, 99% used [0x0000000773500000,0x0000000773f78098,0x0000000773f80000)
  to   space 28160K, 0% used [0x000000077d080000,0x000000077d080000,0x000000077ec00000)
 ParOldGen       total 175104K, used 31525K [0x00000006c1e00000, 0x00000006cc900000, 0x000000076b500000)
  object space 175104K, 18% used [0x00000006c1e00000,0x00000006c3cc9448,0x00000006cc900000)
 Metaspace       used 9343K, capacity 9462K, committed 9728K, reserved 1058816K
  class space    used 874K, capacity 915K, committed 1024K, reserved 1048576K
Event: 1.477 GC heap after
Heap after GC invocations=6 (full 0):
 PSYoungGen      total 289792K, used 19333K [0x000000076b500000, 0x000000077ed00000, 0x00000007c0000000)
  eden space 261632K, 0% used [0x000000076b500000,0x000000076b500000,0x000000077b480000)
  from space 28160K, 68% used [0x000000077d080000,0x000000077e361488,0x000000077ec00000)
  to   space 28672K, 0% used [0x000000077b480000,0x000000077b480000,0x000000077d080000)
 ParOldGen       total 175104K, used 31525K [0x00000006c1e00000, 0x00000006cc900000, 0x000000076b500000)
  object space 175104K, 18% used [0x00000006c1e00000,0x00000006c3cc9448,0x00000006cc900000)
 Metaspace       used 9343K, capacity 9462K, committed 9728K, reserved 1058816K
  class space    used 874K, capacity 915K, committed 1024K, reserved 1048576K
}
Event: 1.829 GC heap before
{Heap before GC invocations=7 (full 0):
 PSYoungGen      total 289792K, used 280965K [0x000000076b500000, 0x000000077ed00000, 0x00000007c0000000)
  eden space 261632K, 100% used [0x000000076b500000,0x000000077b480000,0x000000077b480000)
  from space 28160K, 68% used [0x000000077d080000,0x000000077e361488,0x000000077ec00000)
  to   space 28672K, 0% used [0x000000077b480000,0x000000077b480000,0x000000077d080000)
 ParOldGen       total 175104K, used 32935K [0x00000006c1e00000, 0x00000006cc900000, 0x000000076b500000)
  object space 175104K, 18% used [0x00000006c1e00000,0x00000006c3e29d00,0x00000006cc900000)
 Metaspace       used 10481K, capacity 10614K, committed 10880K, reserved 1058816K
  class space    used 1005K, capacity 1043K, committed 1152K, reserved 1048576K
Event: 1.854 GC heap after
Heap after GC invocations=7 (full 0):
 PSYoungGen      total 290304K, used 28015K [0x000000076b500000, 0x000000078f500000, 0x00000007c0000000)
  eden space 261632K, 0% used [0x000000076b500000,0x000000076b500000,0x000000077b480000)
  from space 28672K, 97% used [0x000000077b480000,0x000000077cfdbf88,0x000000077d080000)
  to   space 33280K, 0% used [0x000000078d480000,0x000000078d480000,0x000000078f500000)
 ParOldGen       total 175104K, used 34851K [0x00000006c1e00000, 0x00000006cc900000, 0x000000076b500000)
  object space 175104K, 19% used [0x00000006c1e00000,0x00000006c4008d20,0x00000006cc900000)
 Metaspace       used 10481K, capacity 10614K, committed 10880K, reserved 1058816K
  class space    used 1005K, capacity 1043K, committed 1152K, reserved 1048576K
}

