# JRE version: Java(TM) SE Runtime Environment (8.0_202-b08) (build 1.8.0_202-b08)
# Java VM: Java HotSpot(TM) 64-Bit Server VM (25.202-b08 mixed mode windows-amd64 compressed oops)
Heap:
 PSYoungGen      total 288768K, used 156652K [0x000000076b500000, 0x000000077ed00000, 0x00000007c0000000)
  eden space 260096K, 49% used [0x000000076b500000,0x00000007733f2468,0x000000077b300000)
  from space 28672K, 92% used [0x000000077b300000,0x000000077cd08e70,0x000000077cf00000)
  to   space 26624K, 0% used [0x000000077cf00000,0x000000077cf00000,0x000000077e900000)
 ParOldGen       total 175104K, used 25990K [0x00000006c1e00000, 0x00000006cc900000, 0x000000076b500000)
  object space 175104K, 14% used [0x00000006c1e00000,0x00000006c3761ad0,0x00000006cc900000)
 Metaspace       used 10512K, capacity 10614K, committed 10880K, reserved 1058816K
  class space    used 1006K, capacity 1043K, committed 1152K, reserved 1048576K
GC Heap History (10 events):
Event: 0.917 GC heap before
{Heap before GC invocations=3 (full 0):
 PSYoungGen      total 76288K, used 72574K [0x000000076b500000, 0x0000000774a00000, 0x00000007c0000000)
  eden space 65536K, 100% used [0x000000076b500000,0x000000076f500000,0x000000076f500000)
  from space 10752K, 65% used [0x000000076ff80000,0x000000077065faf8,0x0000000770a00000)
  to   space 10752K, 0% used [0x000000076f500000,0x000000076f500000,0x000000076ff80000)
 ParOldGen       total 175104K, used 88K [0x00000006c1e00000, 0x00000006cc900000, 0x000000076b500000)
  object space 175104K, 0% used [0x00000006c1e00000,0x00000006c1e16010,0x00000006cc900000)
 Metaspace       used 8524K, capacity 8630K, committed 8832K, reserved 1056768K
  class space    used 828K, capacity 851K, committed 896K, reserved 1048576K
Event: 0.924 GC heap after
Heap after GC invocations=3 (full 0):
 PSYoungGen      total 76288K, used 10726K [0x000000076b500000, 0x0000000774a00000, 0x00000007c0000000)
  eden space 65536K, 0% used [0x000000076b500000,0x000000076b500000,0x000000076f500000)
  from space 10752K, 99% used [0x000000076f500000,0x000000076ff79ac0,0x000000076ff80000)
  to   space 10752K, 0% used [0x0000000773f80000,0x0000000773f80000,0x0000000774a00000)
 ParOldGen       total 175104K, used 5430K [0x00000006c1e00000, 0x00000006cc900000, 0x000000076b500000)
  object space 175104K, 3% used [0x00000006c1e00000,0x00000006c234d8b0,0x00000006cc900000)
 Metaspace       used 8524K, capacity 8630K, committed 8832K, reserved 1056768K
  class space    used 828K, capacity 851K, committed 896K, reserved 1048576K
}
Event: 1.080 GC heap before
{Heap before GC invocations=4 (full 0):
 PSYoungGen      total 76288K, used 76262K [0x000000076b500000, 0x0000000774a00000, 0x00000007c0000000)
  eden space 65536K, 100% used [0x000000076b500000,0x000000076f500000,0x000000076f500000)
  from space 10752K, 99% used [0x000000076f500000,0x000000076ff79ac0,0x000000076ff80000)
  to   space 10752K, 0% used [0x0000000773f80000,0x0000000773f80000,0x0000000774a00000)
 ParOldGen       total 175104K, used 5430K [0x00000006c1e00000, 0x00000006cc900000, 0x000000076b500000)
  object space 175104K, 3% used [0x00000006c1e00000,0x00000006c234d8b0,0x00000006cc900000)
 Metaspace       used 9127K, capacity 9174K, committed 9344K, reserved 1058816K
  class space    used 871K, capacity 883K, committed 896K, reserved 1048576K
Event: 1.098 GC heap after
Heap after GC invocations=4 (full 0):
 PSYoungGen      total 141824K, used 10740K [0x000000076b500000, 0x0000000774a00000, 0x00000007c0000000)
  eden space 131072K, 0% used [0x000000076b500000,0x000000076b500000,0x0000000773500000)
  from space 10752K, 99% used [0x0000000773f80000,0x00000007749fd150,0x0000000774a00000)
  to   space 10752K, 0% used [0x0000000773500000,0x0000000773500000,0x0000000773f80000)
 ParOldGen       total 175104K, used 15308K [0x00000006c1e00000, 0x00000006cc900000, 0x000000076b500000)
  object space 175104K, 8% used [0x00000006c1e00000,0x00000006c2cf31e0,0x00000006cc900000)
 Metaspace       used 9127K, capacity 9174K, committed 9344K, reserved 1058816K
  class space    used 871K, capacity 883K, committed 896K, reserved 1048576K
}
Event: 1.284 GC heap before
{Heap before GC invocations=5 (full 0):
 PSYoungGen      total 141824K, used 141812K [0x000000076b500000, 0x0000000774a00000, 0x00000007c0000000)
  eden space 131072K, 100% used [0x000000076b500000,0x0000000773500000,0x0000000773500000)
  from space 10752K, 99% used [0x0000000773f80000,0x00000007749fd150,0x0000000774a00000)
  to   space 10752K, 0% used [0x0000000773500000,0x0000000773500000,0x0000000773f80000)
 ParOldGen       total 175104K, used 15308K [0x00000006c1e00000, 0x00000006cc900000, 0x000000076b500000)
  object space 175104K, 8% used [0x00000006c1e00000,0x00000006c2cf31e0,0x00000006cc900000)
 Metaspace       used 9302K, capacity 9366K, committed 9600K, reserved 1058816K
  class space    used 873K, capacity 883K, committed 896K, reserved 1048576K
Event: 1.299 GC heap after
Heap after GC invocations=5 (full 0):
 PSYoungGen      total 141824K, used 10734K [0x000000076b500000, 0x000000077e900000, 0x00000007c0000000)
  eden space 131072K, 0% used [0x000000076b500000,0x000000076b500000,0x0000000773500000)
  from space 10752K, 99% used [0x0000000773500000,0x0000000773f7b9f0,0x0000000773f80000)
  to   space 26624K, 0% used [0x000000077cf00000,0x000000077cf00000,0x000000077e900000)
 ParOldGen       total 175104K, used 24154K [0x00000006c1e00000, 0x00000006cc900000, 0x000000076b500000)
  object space 175104K, 13% used [0x00000006c1e00000,0x00000006c3596ab0,0x00000006cc900000)
 Metaspace       used 9302K, capacity 9366K, committed 9600K, reserved 1058816K
  class space    used 873K, capacity 883K, committed 896K, reserved 1048576K
}
Event: 1.385 GC heap before
{Heap before GC invocations=6 (full 0):
 PSYoungGen      total 141824K, used 141806K [0x000000076b500000, 0x000000077e900000, 0x00000007c0000000)
  eden space 131072K, 100% used [0x000000076b500000,0x0000000773500000,0x0000000773500000)
  from space 10752K, 99% used [0x0000000773500000,0x0000000773f7b9f0,0x0000000773f80000)
  to   space 26624K, 0% used [0x000000077cf00000,0x000000077cf00000,0x000000077e900000)
 ParOldGen       total 175104K, used 24154K [0x00000006c1e00000, 0x00000006cc900000, 0x000000076b500000)
  object space 175104K, 13% used [0x00000006c1e00000,0x00000006c3596ab0,0x00000006cc900000)
 Metaspace       used 9344K, capacity 9398K, committed 9728K, reserved 1058816K
  class space    used 875K, capacity 915K, committed 1024K, reserved 1048576K
Event: 1.401 GC heap after
Heap after GC invocations=6 (full 0):
 PSYoungGen      total 286720K, used 20760K [0x000000076b500000, 0x000000077ed00000, 0x00000007c0000000)
  eden space 260096K, 0% used [0x000000076b500000,0x000000076b500000,0x000000077b300000)
  from space 26624K, 77% used [0x000000077cf00000,0x000000077e346388,0x000000077e900000)
  to   space 28672K, 0% used [0x000000077b300000,0x000000077b300000,0x000000077cf00000)
 ParOldGen       total 175104K, used 24162K [0x00000006c1e00000, 0x00000006cc900000, 0x000000076b500000)
  object space 175104K, 13% used [0x00000006c1e00000,0x00000006c3598ab0,0x00000006cc900000)
 Metaspace       used 9344K, capacity 9398K, committed 9728K, reserved 1058816K
  class space    used 875K, capacity 915K, committed 1024K, reserved 1048576K
}
Event: 1.649 GC heap before
{Heap before GC invocations=7 (full 0):
 PSYoungGen      total 286720K, used 280725K [0x000000076b500000, 0x000000077ed00000, 0x00000007c0000000)
  eden space 260096K, 99% used [0x000000076b500000,0x000000077b2df3f8,0x000000077b300000)
  from space 26624K, 77% used [0x000000077cf00000,0x000000077e346388,0x000000077e900000)
  to   space 28672K, 0% used [0x000000077b300000,0x000000077b300000,0x000000077cf00000)
 ParOldGen       total 175104K, used 24162K [0x00000006c1e00000, 0x00000006cc900000, 0x000000076b500000)
  object space 175104K, 13% used [0x00000006c1e00000,0x00000006c3598ab0,0x00000006cc900000)
 Metaspace       used 10310K, capacity 10390K, committed 10496K, reserved 1058816K
  class space    used 984K, capacity 1011K, committed 1024K, reserved 1048576K
Event: 1.674 GC heap after
Heap after GC invocations=7 (full 0):
 PSYoungGen      total 288768K, used 26659K [0x000000076b500000, 0x000000077ed00000, 0x00000007c0000000)
  eden space 260096K, 0% used [0x000000076b500000,0x000000076b500000,0x000000077b300000)
  from space 28672K, 92% used [0x000000077b300000,0x000000077cd08e70,0x000000077cf00000)
  to   space 26624K, 0% used [0x000000077cf00000,0x000000077cf00000,0x000000077e900000)
 ParOldGen       total 175104K, used 25990K [0x00000006c1e00000, 0x00000006cc900000, 0x000000076b500000)
  object space 175104K, 14% used [0x00000006c1e00000,0x00000006c3761ad0,0x00000006cc900000)
 Metaspace       used 10310K, capacity 10390K, committed 10496K, reserved 1058816K
  class space    used 984K, capacity 1011K, committed 1024K, reserved 1048576K
}

