# JRE version: OpenJDK Runtime Environment (8.0) (build 1.8.0-25-microsoft-b00)
# Java VM: OpenJDK 64-Bit Server VM (25.71-b00 mixed mode windows-amd64 compressed oops)
Heap:
 PSYoungGen      total 141824K, used 121474K [0x00000000eab00000, 0x00000000f8080000, 0x0000000100000000)
  eden space 131072K, 91% used [0x00000000eab00000,0x00000000f2008b98,0x00000000f2b00000)
  from space 10752K, 15% used [0x00000000f2b00000,0x00000000f2c98000,0x00000000f3580000)
  to   space 24064K, 0% used [0x00000000f6900000,0x00000000f6900000,0x00000000f8080000)
 ParOldGen       total 175104K, used 109022K [0x00000000c0000000, 0x00000000cab00000, 0x00000000eab00000)
  object space 175104K, 62% used [0x00000000c0000000,0x00000000c6a77838,0x00000000cab00000)
 Metaspace       used 17593K, capacity 18986K, committed 19200K, reserved 1067008K
  class space    used 2183K, capacity 2487K, committed 2560K, reserved 1048576K
GC Heap History (10 events):
Event: 4.769 GC heap before
{Heap before GC invocations=21 (full 0):
 PSYoungGen      total 141824K, used 132896K [0x00000000eab00000, 0x00000000f4000000, 0x0000000100000000)
  eden space 131072K, 100% used [0x00000000eab00000,0x00000000f2b00000,0x00000000f2b00000)
  from space 10752K, 16% used [0x00000000f3580000,0x00000000f3748000,0x00000000f4000000)
  to   space 10752K, 0% used [0x00000000f2b00000,0x00000000f2b00000,0x00000000f3580000)
 ParOldGen       total 175104K, used 101726K [0x00000000c0000000, 0x00000000cab00000, 0x00000000eab00000)
  object space 175104K, 58% used [0x00000000c0000000,0x00000000c6357818,0x00000000cab00000)
 Metaspace       used 17575K, capacity 18986K, committed 19200K, reserved 1067008K
  class space    used 2182K, capacity 2487K, committed 2560K, reserved 1048576K
Event: 4.773 GC heap after
Heap after GC invocations=21 (full 0):
 PSYoungGen      total 141824K, used 1940K [0x00000000eab00000, 0x00000000f4000000, 0x0000000100000000)
  eden space 131072K, 0% used [0x00000000eab00000,0x00000000eab00000,0x00000000f2b00000)
  from space 10752K, 18% used [0x00000000f2b00000,0x00000000f2ce51b0,0x00000000f3580000)
  to   space 10752K, 0% used [0x00000000f3580000,0x00000000f3580000,0x00000000f4000000)
 ParOldGen       total 175104K, used 103158K [0x00000000c0000000, 0x00000000cab00000, 0x00000000eab00000)
  object space 175104K, 58% used [0x00000000c0000000,0x00000000c64bd818,0x00000000cab00000)
 Metaspace       used 17575K, capacity 18986K, committed 19200K, reserved 1067008K
  class space    used 2182K, capacity 2487K, committed 2560K, reserved 1048576K
}
Event: 4.894 GC heap before
{Heap before GC invocations=22 (full 0):
 PSYoungGen      total 141824K, used 133012K [0x00000000eab00000, 0x00000000f4000000, 0x0000000100000000)
  eden space 131072K, 100% used [0x00000000eab00000,0x00000000f2b00000,0x00000000f2b00000)
  from space 10752K, 18% used [0x00000000f2b00000,0x00000000f2ce51b0,0x00000000f3580000)
  to   space 10752K, 0% used [0x00000000f3580000,0x00000000f3580000,0x00000000f4000000)
 ParOldGen       total 175104K, used 103158K [0x00000000c0000000, 0x00000000cab00000, 0x00000000eab00000)
  object space 175104K, 58% used [0x00000000c0000000,0x00000000c64bd818,0x00000000cab00000)
 Metaspace       used 17578K, capacity 18986K, committed 19200K, reserved 1067008K
  class space    used 2182K, capacity 2487K, committed 2560K, reserved 1048576K
Event: 4.899 GC heap after
Heap after GC invocations=22 (full 0):
 PSYoungGen      total 141824K, used 1848K [0x00000000eab00000, 0x00000000f4000000, 0x0000000100000000)
  eden space 131072K, 0% used [0x00000000eab00000,0x00000000eab00000,0x00000000f2b00000)
  from space 10752K, 17% used [0x00000000f3580000,0x00000000f374e048,0x00000000f4000000)
  to   space 10752K, 0% used [0x00000000f2b00000,0x00000000f2b00000,0x00000000f3580000)
 ParOldGen       total 175104K, used 104702K [0x00000000c0000000, 0x00000000cab00000, 0x00000000eab00000)
  object space 175104K, 59% used [0x00000000c0000000,0x00000000c663f828,0x00000000cab00000)
 Metaspace       used 17578K, capacity 18986K, committed 19200K, reserved 1067008K
  class space    used 2182K, capacity 2487K, committed 2560K, reserved 1048576K
}
Event: 5.019 GC heap before
{Heap before GC invocations=23 (full 0):
 PSYoungGen      total 141824K, used 132920K [0x00000000eab00000, 0x00000000f4000000, 0x0000000100000000)
  eden space 131072K, 100% used [0x00000000eab00000,0x00000000f2b00000,0x00000000f2b00000)
  from space 10752K, 17% used [0x00000000f3580000,0x00000000f374e048,0x00000000f4000000)
  to   space 10752K, 0% used [0x00000000f2b00000,0x00000000f2b00000,0x00000000f3580000)
 ParOldGen       total 175104K, used 104702K [0x00000000c0000000, 0x00000000cab00000, 0x00000000eab00000)
  object space 175104K, 59% used [0x00000000c0000000,0x00000000c663f828,0x00000000cab00000)
 Metaspace       used 17578K, capacity 18986K, committed 19200K, reserved 1067008K
  class space    used 2182K, capacity 2487K, committed 2560K, reserved 1048576K
Event: 5.024 GC heap after
Heap after GC invocations=23 (full 0):
 PSYoungGen      total 141824K, used 1584K [0x00000000eab00000, 0x00000000f4000000, 0x0000000100000000)
  eden space 131072K, 0% used [0x00000000eab00000,0x00000000eab00000,0x00000000f2b00000)
  from space 10752K, 14% used [0x00000000f2b00000,0x00000000f2c8c148,0x00000000f3580000)
  to   space 10752K, 0% used [0x00000000f3580000,0x00000000f3580000,0x00000000f4000000)
 ParOldGen       total 175104K, used 106134K [0x00000000c0000000, 0x00000000cab00000, 0x00000000eab00000)
  object space 175104K, 60% used [0x00000000c0000000,0x00000000c67a5828,0x00000000cab00000)
 Metaspace       used 17578K, capacity 18986K, committed 19200K, reserved 1067008K
  class space    used 2182K, capacity 2487K, committed 2560K, reserved 1048576K
}
Event: 5.146 GC heap before
{Heap before GC invocations=24 (full 0):
 PSYoungGen      total 141824K, used 132656K [0x00000000eab00000, 0x00000000f4000000, 0x0000000100000000)
  eden space 131072K, 100% used [0x00000000eab00000,0x00000000f2b00000,0x00000000f2b00000)
  from space 10752K, 14% used [0x00000000f2b00000,0x00000000f2c8c148,0x00000000f3580000)
  to   space 10752K, 0% used [0x00000000f3580000,0x00000000f3580000,0x00000000f4000000)
 ParOldGen       total 175104K, used 106134K [0x00000000c0000000, 0x00000000cab00000, 0x00000000eab00000)
  object space 175104K, 60% used [0x00000000c0000000,0x00000000c67a5828,0x00000000cab00000)
 Metaspace       used 17586K, capacity 18986K, committed 19200K, reserved 1067008K
  class space    used 2183K, capacity 2487K, committed 2560K, reserved 1048576K
Event: 5.152 GC heap after
Heap after GC invocations=24 (full 0):
 PSYoungGen      total 141824K, used 2096K [0x00000000eab00000, 0x00000000f4000000, 0x0000000100000000)
  eden space 131072K, 0% used [0x00000000eab00000,0x00000000eab00000,0x00000000f2b00000)
  from space 10752K, 19% used [0x00000000f3580000,0x00000000f378c010,0x00000000f4000000)
  to   space 10752K, 0% used [0x00000000f2b00000,0x00000000f2b00000,0x00000000f3580000)
 ParOldGen       total 175104K, used 107382K [0x00000000c0000000, 0x00000000cab00000, 0x00000000eab00000)
  object space 175104K, 61% used [0x00000000c0000000,0x00000000c68dd828,0x00000000cab00000)
 Metaspace       used 17586K, capacity 18986K, committed 19200K, reserved 1067008K
  class space    used 2183K, capacity 2487K, committed 2560K, reserved 1048576K
}
Event: 5.287 GC heap before
{Heap before GC invocations=25 (full 0):
 PSYoungGen      total 141824K, used 133168K [0x00000000eab00000, 0x00000000f4000000, 0x0000000100000000)
  eden space 131072K, 100% used [0x00000000eab00000,0x00000000f2b00000,0x00000000f2b00000)
  from space 10752K, 19% used [0x00000000f3580000,0x00000000f378c010,0x00000000f4000000)
  to   space 10752K, 0% used [0x00000000f2b00000,0x00000000f2b00000,0x00000000f3580000)
 ParOldGen       total 175104K, used 107382K [0x00000000c0000000, 0x00000000cab00000, 0x00000000eab00000)
  object space 175104K, 61% used [0x00000000c0000000,0x00000000c68dd828,0x00000000cab00000)
 Metaspace       used 17587K, capacity 18986K, committed 19200K, reserved 1067008K
  class space    used 2183K, capacity 2487K, committed 2560K, reserved 1048576K
Event: 5.291 GC heap after
Heap after GC invocations=25 (full 0):
 PSYoungGen      total 141824K, used 1632K [0x00000000eab00000, 0x00000000f8080000, 0x0000000100000000)
  eden space 131072K, 0% used [0x00000000eab00000,0x00000000eab00000,0x00000000f2b00000)
  from space 10752K, 15% used [0x00000000f2b00000,0x00000000f2c98000,0x00000000f3580000)
  to   space 24064K, 0% used [0x00000000f6900000,0x00000000f6900000,0x00000000f8080000)
 ParOldGen       total 175104K, used 109022K [0x00000000c0000000, 0x00000000cab00000, 0x00000000eab00000)
  object space 175104K, 62% used [0x00000000c0000000,0x00000000c6a77838,0x00000000cab00000)
 Metaspace       used 17587K, capacity 18986K, committed 19200K, reserved 1067008K
  class space    used 2183K, capacity 2487K, committed 2560K, reserved 1048576K
}

