# JRE version: OpenJDK Runtime Environment (8.0) (build 1.8.0-25-microsoft-b00)
# Java VM: OpenJDK 64-Bit Server VM (25.71-b00 mixed mode windows-amd64 compressed oops)
Heap:
 PSYoungGen      total 141824K, used 139482K [0x000000076b500000, 0x0000000774a00000, 0x00000007c0000000)
  eden space 131072K, 98% used [0x000000076b500000,0x0000000773336008,0x0000000773500000)
  from space 10752K, 99% used [0x0000000773f80000,0x00000007749fbb78,0x0000000774a00000)
  to   space 10752K, 0% used [0x0000000773500000,0x0000000773500000,0x0000000773f80000)
 ParOldGen       total 175104K, used 59844K [0x00000006c1e00000, 0x00000006cc900000, 0x000000076b500000)
  object space 175104K, 34% used [0x00000006c1e00000,0x00000006c5871358,0x00000006cc900000)
 Metaspace       used 9561K, capacity 9660K, committed 9984K, reserved 1058816K
  class space    used 873K, capacity 916K, committed 1024K, reserved 1048576K
GC Heap History (10 events):
Event: 0.778 GC heap before
{Heap before GC invocations=4 (full 0):
 PSYoungGen      total 76288K, used 76287K [0x000000076b500000, 0x0000000774a00000, 0x00000007c0000000)
  eden space 65536K, 100% used [0x000000076b500000,0x000000076f500000,0x000000076f500000)
  from space 10752K, 99% used [0x000000076f500000,0x000000076ff7fd28,0x000000076ff80000)
  to   space 10752K, 0% used [0x0000000773f80000,0x0000000773f80000,0x0000000774a00000)
 ParOldGen       total 175104K, used 9951K [0x00000006c1e00000, 0x00000006cc900000, 0x000000076b500000)
  object space 175104K, 5% used [0x00000006c1e00000,0x00000006c27b7c10,0x00000006cc900000)
 Metaspace       used 9120K, capacity 9244K, committed 9344K, reserved 1058816K
  class space    used 842K, capacity 884K, committed 896K, reserved 1048576K
Event: 0.790 GC heap after
Heap after GC invocations=4 (full 0):
 PSYoungGen      total 141824K, used 10724K [0x000000076b500000, 0x0000000774a00000, 0x00000007c0000000)
  eden space 131072K, 0% used [0x000000076b500000,0x000000076b500000,0x0000000773500000)
  from space 10752K, 99% used [0x0000000773f80000,0x00000007749f9318,0x0000000774a00000)
  to   space 10752K, 0% used [0x0000000773500000,0x0000000773500000,0x0000000773f80000)
 ParOldGen       total 175104K, used 20196K [0x00000006c1e00000, 0x00000006cc900000, 0x000000076b500000)
  object space 175104K, 11% used [0x00000006c1e00000,0x00000006c31b9000,0x00000006cc900000)
 Metaspace       used 9120K, capacity 9244K, committed 9344K, reserved 1058816K
  class space    used 842K, capacity 884K, committed 896K, reserved 1048576K
}
Event: 0.950 GC heap before
{Heap before GC invocations=5 (full 0):
 PSYoungGen      total 141824K, used 141796K [0x000000076b500000, 0x0000000774a00000, 0x00000007c0000000)
  eden space 131072K, 100% used [0x000000076b500000,0x0000000773500000,0x0000000773500000)
  from space 10752K, 99% used [0x0000000773f80000,0x00000007749f9318,0x0000000774a00000)
  to   space 10752K, 0% used [0x0000000773500000,0x0000000773500000,0x0000000773f80000)
 ParOldGen       total 175104K, used 21222K [0x00000006c1e00000, 0x00000006cc900000, 0x000000076b500000)
  object space 175104K, 12% used [0x00000006c1e00000,0x00000006c32b9a50,0x00000006cc900000)
 Metaspace       used 9218K, capacity 9308K, committed 9344K, reserved 1058816K
  class space    used 843K, capacity 884K, committed 896K, reserved 1048576K
Event: 0.961 GC heap after
Heap after GC invocations=5 (full 0):
 PSYoungGen      total 141824K, used 10727K [0x000000076b500000, 0x0000000774a00000, 0x00000007c0000000)
  eden space 131072K, 0% used [0x000000076b500000,0x000000076b500000,0x0000000773500000)
  from space 10752K, 99% used [0x0000000773500000,0x0000000773f79f78,0x0000000773f80000)
  to   space 10752K, 0% used [0x0000000773f80000,0x0000000773f80000,0x0000000774a00000)
 ParOldGen       total 175104K, used 31297K [0x00000006c1e00000, 0x00000006cc900000, 0x000000076b500000)
  object space 175104K, 17% used [0x00000006c1e00000,0x00000006c3c90708,0x00000006cc900000)
 Metaspace       used 9218K, capacity 9308K, committed 9344K, reserved 1058816K
  class space    used 843K, capacity 884K, committed 896K, reserved 1048576K
}
Event: 1.040 GC heap before
{Heap before GC invocations=6 (full 0):
 PSYoungGen      total 141824K, used 141799K [0x000000076b500000, 0x0000000774a00000, 0x00000007c0000000)
  eden space 131072K, 100% used [0x000000076b500000,0x0000000773500000,0x0000000773500000)
  from space 10752K, 99% used [0x0000000773500000,0x0000000773f79f78,0x0000000773f80000)
  to   space 10752K, 0% used [0x0000000773f80000,0x0000000773f80000,0x0000000774a00000)
 ParOldGen       total 175104K, used 31297K [0x00000006c1e00000, 0x00000006cc900000, 0x000000076b500000)
  object space 175104K, 17% used [0x00000006c1e00000,0x00000006c3c90708,0x00000006cc900000)
 Metaspace       used 9237K, capacity 9308K, committed 9344K, reserved 1058816K
  class space    used 845K, capacity 884K, committed 896K, reserved 1048576K
Event: 1.077 GC heap after
Heap after GC invocations=6 (full 0):
 PSYoungGen      total 141824K, used 10751K [0x000000076b500000, 0x0000000774a00000, 0x00000007c0000000)
  eden space 131072K, 0% used [0x000000076b500000,0x000000076b500000,0x0000000773500000)
  from space 10752K, 99% used [0x0000000773f80000,0x00000007749ffea0,0x0000000774a00000)
  to   space 10752K, 0% used [0x0000000773500000,0x0000000773500000,0x0000000773f80000)
 ParOldGen       total 175104K, used 44144K [0x00000006c1e00000, 0x00000006cc900000, 0x000000076b500000)
  object space 175104K, 25% used [0x00000006c1e00000,0x00000006c491c218,0x00000006cc900000)
 Metaspace       used 9237K, capacity 9308K, committed 9344K, reserved 1058816K
  class space    used 845K, capacity 884K, committed 896K, reserved 1048576K
}
Event: 1.170 GC heap before
{Heap before GC invocations=7 (full 0):
 PSYoungGen      total 141824K, used 141823K [0x000000076b500000, 0x0000000774a00000, 0x00000007c0000000)
  eden space 131072K, 100% used [0x000000076b500000,0x0000000773500000,0x0000000773500000)
  from space 10752K, 99% used [0x0000000773f80000,0x00000007749ffea0,0x0000000774a00000)
  to   space 10752K, 0% used [0x0000000773500000,0x0000000773500000,0x0000000773f80000)
 ParOldGen       total 175104K, used 44144K [0x00000006c1e00000, 0x00000006cc900000, 0x000000076b500000)
  object space 175104K, 25% used [0x00000006c1e00000,0x00000006c491c218,0x00000006cc900000)
 Metaspace       used 9262K, capacity 9372K, committed 9600K, reserved 1058816K
  class space    used 845K, capacity 884K, committed 896K, reserved 1048576K
Event: 1.185 GC heap after
Heap after GC invocations=7 (full 0):
 PSYoungGen      total 141824K, used 10749K [0x000000076b500000, 0x0000000774a00000, 0x00000007c0000000)
  eden space 131072K, 0% used [0x000000076b500000,0x000000076b500000,0x0000000773500000)
  from space 10752K, 99% used [0x0000000773500000,0x0000000773f7f758,0x0000000773f80000)
  to   space 10752K, 0% used [0x0000000773f80000,0x0000000773f80000,0x0000000774a00000)
 ParOldGen       total 175104K, used 54023K [0x00000006c1e00000, 0x00000006cc900000, 0x000000076b500000)
  object space 175104K, 30% used [0x00000006c1e00000,0x00000006c52c1e60,0x00000006cc900000)
 Metaspace       used 9262K, capacity 9372K, committed 9600K, reserved 1058816K
  class space    used 845K, capacity 884K, committed 896K, reserved 1048576K
}
Event: 1.254 GC heap before
{Heap before GC invocations=8 (full 0):
 PSYoungGen      total 141824K, used 141821K [0x000000076b500000, 0x0000000774a00000, 0x00000007c0000000)
  eden space 131072K, 100% used [0x000000076b500000,0x0000000773500000,0x0000000773500000)
  from space 10752K, 99% used [0x0000000773500000,0x0000000773f7f758,0x0000000773f80000)
  to   space 10752K, 0% used [0x0000000773f80000,0x0000000773f80000,0x0000000774a00000)
 ParOldGen       total 175104K, used 54023K [0x00000006c1e00000, 0x00000006cc900000, 0x000000076b500000)
  object space 175104K, 30% used [0x00000006c1e00000,0x00000006c52c1e60,0x00000006cc900000)
 Metaspace       used 9274K, capacity 9372K, committed 9600K, reserved 1058816K
  class space    used 845K, capacity 884K, committed 896K, reserved 1048576K
Event: 1.265 GC heap after
Heap after GC invocations=8 (full 0):
 PSYoungGen      total 141824K, used 10734K [0x000000076b500000, 0x0000000774a00000, 0x00000007c0000000)
  eden space 131072K, 0% used [0x000000076b500000,0x000000076b500000,0x0000000773500000)
  from space 10752K, 99% used [0x0000000773f80000,0x00000007749fbb78,0x0000000774a00000)
  to   space 10752K, 0% used [0x0000000773500000,0x0000000773500000,0x0000000773f80000)
 ParOldGen       total 175104K, used 59844K [0x00000006c1e00000, 0x00000006cc900000, 0x000000076b500000)
  object space 175104K, 34% used [0x00000006c1e00000,0x00000006c5871358,0x00000006cc900000)
 Metaspace       used 9274K, capacity 9372K, committed 9600K, reserved 1058816K
  class space    used 845K, capacity 884K, committed 896K, reserved 1048576K
}

