# JRE version: OpenJDK Runtime Environment (8.0) (build 1.8.0-25-microsoft-b00)
# Java VM: OpenJDK 64-Bit Server VM (25.71-b00 mixed mode windows-amd64 compressed oops)
Heap:
 PSYoungGen      total 272896K, used 31112K [0x000000076b500000, 0x000000077ca00000, 0x00000007c0000000)
  eden space 262144K, 7% used [0x000000076b500000,0x000000076c8e32c0,0x000000077b500000)
  from space 10752K, 99% used [0x000000077b500000,0x000000077bf7edd0,0x000000077bf80000)
  to   space 10752K, 0% used [0x000000077bf80000,0x000000077bf80000,0x000000077ca00000)
 ParOldGen       total 175104K, used 36921K [0x00000006c1e00000, 0x00000006cc900000, 0x000000076b500000)
  object space 175104K, 21% used [0x00000006c1e00000,0x00000006c420e680,0x00000006cc900000)
 Metaspace       used 9297K, capacity 9430K, committed 9600K, reserved 1058816K
  class space    used 844K, capacity 883K, committed 896K, reserved 1048576K
GC Heap History (10 events):
Event: 0.711 GC heap before
{Heap before GC invocations=3 (full 0):
 PSYoungGen      total 141824K, used 136371K [0x000000076b500000, 0x0000000774a00000, 0x00000007c0000000)
  eden space 131072K, 100% used [0x000000076b500000,0x0000000773500000,0x0000000773500000)
  from space 10752K, 49% used [0x0000000773f80000,0x00000007744acfb8,0x0000000774a00000)
  to   space 10752K, 0% used [0x0000000773500000,0x0000000773500000,0x0000000773f80000)
 ParOldGen       total 175104K, used 88K [0x00000006c1e00000, 0x00000006cc900000, 0x000000076b500000)
  object space 175104K, 0% used [0x00000006c1e00000,0x00000006c1e16010,0x00000006cc900000)
 Metaspace       used 9097K, capacity 9238K, committed 9344K, reserved 1058816K
  class space    used 842K, capacity 883K, committed 896K, reserved 1048576K
Event: 0.723 GC heap after
Heap after GC invocations=3 (full 0):
 PSYoungGen      total 141824K, used 10737K [0x000000076b500000, 0x000000077ca00000, 0x00000007c0000000)
  eden space 131072K, 0% used [0x000000076b500000,0x000000076b500000,0x0000000773500000)
  from space 10752K, 99% used [0x0000000773500000,0x0000000773f7c780,0x0000000773f80000)
  to   space 10752K, 0% used [0x000000077bf80000,0x000000077bf80000,0x000000077ca00000)
 ParOldGen       total 175104K, used 9811K [0x00000006c1e00000, 0x00000006cc900000, 0x000000076b500000)
  object space 175104K, 5% used [0x00000006c1e00000,0x00000006c2794c78,0x00000006cc900000)
 Metaspace       used 9097K, capacity 9238K, committed 9344K, reserved 1058816K
  class space    used 842K, capacity 883K, committed 896K, reserved 1048576K
}
Event: 0.804 GC heap before
{Heap before GC invocations=4 (full 0):
 PSYoungGen      total 141824K, used 141809K [0x000000076b500000, 0x000000077ca00000, 0x00000007c0000000)
  eden space 131072K, 100% used [0x000000076b500000,0x0000000773500000,0x0000000773500000)
  from space 10752K, 99% used [0x0000000773500000,0x0000000773f7c780,0x0000000773f80000)
  to   space 10752K, 0% used [0x000000077bf80000,0x000000077bf80000,0x000000077ca00000)
 ParOldGen       total 175104K, used 9811K [0x00000006c1e00000, 0x00000006cc900000, 0x000000076b500000)
  object space 175104K, 5% used [0x00000006c1e00000,0x00000006c2794c78,0x00000006cc900000)
 Metaspace       used 9178K, capacity 9302K, committed 9344K, reserved 1058816K
  class space    used 843K, capacity 883K, committed 896K, reserved 1048576K
Event: 0.816 GC heap after
Heap after GC invocations=4 (full 0):
 PSYoungGen      total 272896K, used 10741K [0x000000076b500000, 0x000000077ca00000, 0x00000007c0000000)
  eden space 262144K, 0% used [0x000000076b500000,0x000000076b500000,0x000000077b500000)
  from space 10752K, 99% used [0x000000077bf80000,0x000000077c9fd7a0,0x000000077ca00000)
  to   space 10752K, 0% used [0x000000077b500000,0x000000077b500000,0x000000077bf80000)
 ParOldGen       total 175104K, used 20847K [0x00000006c1e00000, 0x00000006cc900000, 0x000000076b500000)
  object space 175104K, 11% used [0x00000006c1e00000,0x00000006c325bf98,0x00000006cc900000)
 Metaspace       used 9178K, capacity 9302K, committed 9344K, reserved 1058816K
  class space    used 843K, capacity 883K, committed 896K, reserved 1048576K
}
Event: 0.955 GC heap before
{Heap before GC invocations=5 (full 0):
 PSYoungGen      total 272896K, used 272885K [0x000000076b500000, 0x000000077ca00000, 0x00000007c0000000)
  eden space 262144K, 100% used [0x000000076b500000,0x000000077b500000,0x000000077b500000)
  from space 10752K, 99% used [0x000000077bf80000,0x000000077c9fd7a0,0x000000077ca00000)
  to   space 10752K, 0% used [0x000000077b500000,0x000000077b500000,0x000000077bf80000)
 ParOldGen       total 175104K, used 22937K [0x00000006c1e00000, 0x00000006cc900000, 0x000000076b500000)
  object space 175104K, 13% used [0x00000006c1e00000,0x00000006c34667b0,0x00000006cc900000)
 Metaspace       used 9278K, capacity 9366K, committed 9600K, reserved 1058816K
  class space    used 844K, capacity 883K, committed 896K, reserved 1048576K
Event: 0.970 GC heap after
Heap after GC invocations=5 (full 0):
 PSYoungGen      total 272896K, used 10741K [0x000000076b500000, 0x000000077ca00000, 0x00000007c0000000)
  eden space 262144K, 0% used [0x000000076b500000,0x000000076b500000,0x000000077b500000)
  from space 10752K, 99% used [0x000000077b500000,0x000000077bf7d4c0,0x000000077bf80000)
  to   space 10752K, 0% used [0x000000077bf80000,0x000000077bf80000,0x000000077ca00000)
 ParOldGen       total 175104K, used 33348K [0x00000006c1e00000, 0x00000006cc900000, 0x000000076b500000)
  object space 175104K, 19% used [0x00000006c1e00000,0x00000006c3e91298,0x00000006cc900000)
 Metaspace       used 9278K, capacity 9366K, committed 9600K, reserved 1058816K
  class space    used 844K, capacity 883K, committed 896K, reserved 1048576K
}
Event: 0.970 GC heap before
{Heap before GC invocations=6 (full 0):
 PSYoungGen      total 272896K, used 13633K [0x000000076b500000, 0x000000077ca00000, 0x00000007c0000000)
  eden space 262144K, 1% used [0x000000076b500000,0x000000076b7d2f80,0x000000077b500000)
  from space 10752K, 99% used [0x000000077b500000,0x000000077bf7d4c0,0x000000077bf80000)
  to   space 10752K, 0% used [0x000000077bf80000,0x000000077bf80000,0x000000077ca00000)
 ParOldGen       total 175104K, used 33348K [0x00000006c1e00000, 0x00000006cc900000, 0x000000076b500000)
  object space 175104K, 19% used [0x00000006c1e00000,0x00000006c3e91298,0x00000006cc900000)
 Metaspace       used 9278K, capacity 9366K, committed 9600K, reserved 1058816K
  class space    used 844K, capacity 883K, committed 896K, reserved 1048576K
Event: 0.976 GC heap after
Heap after GC invocations=6 (full 0):
 PSYoungGen      total 272896K, used 10732K [0x000000076b500000, 0x000000077ca00000, 0x00000007c0000000)
  eden space 262144K, 0% used [0x000000076b500000,0x000000076b500000,0x000000077b500000)
  from space 10752K, 99% used [0x000000077bf80000,0x000000077c9fb2d8,0x000000077ca00000)
  to   space 10752K, 0% used [0x000000077b500000,0x000000077b500000,0x000000077bf80000)
 ParOldGen       total 175104K, used 33488K [0x00000006c1e00000, 0x00000006cc900000, 0x000000076b500000)
  object space 175104K, 19% used [0x00000006c1e00000,0x00000006c3eb40a8,0x00000006cc900000)
 Metaspace       used 9278K, capacity 9366K, committed 9600K, reserved 1058816K
  class space    used 844K, capacity 883K, committed 896K, reserved 1048576K
}
Event: 1.151 GC heap before
{Heap before GC invocations=7 (full 0):
 PSYoungGen      total 272896K, used 272876K [0x000000076b500000, 0x000000077ca00000, 0x00000007c0000000)
  eden space 262144K, 100% used [0x000000076b500000,0x000000077b500000,0x000000077b500000)
  from space 10752K, 99% used [0x000000077bf80000,0x000000077c9fb2d8,0x000000077ca00000)
  to   space 10752K, 0% used [0x000000077b500000,0x000000077b500000,0x000000077bf80000)
 ParOldGen       total 175104K, used 33488K [0x00000006c1e00000, 0x00000006cc900000, 0x000000076b500000)
  object space 175104K, 19% used [0x00000006c1e00000,0x00000006c3eb40a8,0x00000006cc900000)
 Metaspace       used 9297K, capacity 9430K, committed 9600K, reserved 1058816K
  class space    used 844K, capacity 883K, committed 896K, reserved 1048576K
Event: 1.167 GC heap after
Heap after GC invocations=7 (full 0):
 PSYoungGen      total 272896K, used 10747K [0x000000076b500000, 0x000000077ca00000, 0x00000007c0000000)
  eden space 262144K, 0% used [0x000000076b500000,0x000000076b500000,0x000000077b500000)
  from space 10752K, 99% used [0x000000077b500000,0x000000077bf7edd0,0x000000077bf80000)
  to   space 10752K, 0% used [0x000000077bf80000,0x000000077bf80000,0x000000077ca00000)
 ParOldGen       total 175104K, used 36921K [0x00000006c1e00000, 0x00000006cc900000, 0x000000076b500000)
  object space 175104K, 21% used [0x00000006c1e00000,0x00000006c420e680,0x00000006cc900000)
 Metaspace       used 9297K, capacity 9430K, committed 9600K, reserved 1058816K
  class space    used 844K, capacity 883K, committed 896K, reserved 1048576K
}

