# JRE version: OpenJDK Runtime Environment (8.0) (build 1.8.0-25-microsoft-b00)
# Java VM: OpenJDK 64-Bit Server VM (25.71-b00 mixed mode windows-amd64 compressed oops)
Heap:
 PSYoungGen      total 286208K, used 222498K [0x000000076b500000, 0x000000077e900000, 0x00000007c0000000)
  eden space 259584K, 75% used [0x000000076b500000,0x000000077744b068,0x000000077b280000)
  from space 26624K, 99% used [0x000000077b280000,0x000000077cc7daa8,0x000000077cc80000)
  to   space 24064K, 0% used [0x000000077cc80000,0x000000077cc80000,0x000000077e400000)
 ParOldGen       total 175104K, used 27926K [0x00000006c1e00000, 0x00000006cc900000, 0x000000076b500000)
  object space 175104K, 15% used [0x00000006c1e00000,0x00000006c3945900,0x00000006cc900000)
 Metaspace       used 9689K, capacity 9782K, committed 9984K, reserved 1058816K
  class space    used 879K, capacity 915K, committed 1024K, reserved 1048576K
GC Heap History (10 events):
Event: 0.708 GC heap before
{Heap before GC invocations=3 (full 0):
 PSYoungGen      total 76288K, used 71894K [0x000000076b500000, 0x0000000774a00000, 0x00000007c0000000)
  eden space 65536K, 100% used [0x000000076b500000,0x000000076f500000,0x000000076f500000)
  from space 10752K, 59% used [0x000000076ff80000,0x00000007705b5b20,0x0000000770a00000)
  to   space 10752K, 0% used [0x000000076f500000,0x000000076f500000,0x000000076ff80000)
 ParOldGen       total 175104K, used 2283K [0x00000006c1e00000, 0x00000006cc900000, 0x000000076b500000)
  object space 175104K, 1% used [0x00000006c1e00000,0x00000006c203adc0,0x00000006cc900000)
 Metaspace       used 8619K, capacity 8694K, committed 8832K, reserved 1056768K
  class space    used 809K, capacity 851K, committed 896K, reserved 1048576K
Event: 0.741 GC heap after
Heap after GC invocations=3 (full 0):
 PSYoungGen      total 76288K, used 10731K [0x000000076b500000, 0x0000000774a00000, 0x00000007c0000000)
  eden space 65536K, 0% used [0x000000076b500000,0x000000076b500000,0x000000076f500000)
  from space 10752K, 99% used [0x000000076f500000,0x000000076ff7ac18,0x000000076ff80000)
  to   space 10752K, 0% used [0x0000000773f80000,0x0000000773f80000,0x0000000774a00000)
 ParOldGen       total 175104K, used 11103K [0x00000006c1e00000, 0x00000006cc900000, 0x000000076b500000)
  object space 175104K, 6% used [0x00000006c1e00000,0x00000006c28d7db8,0x00000006cc900000)
 Metaspace       used 8619K, capacity 8694K, committed 8832K, reserved 1056768K
  class space    used 809K, capacity 851K, committed 896K, reserved 1048576K
}
Event: 0.839 GC heap before
{Heap before GC invocations=4 (full 0):
 PSYoungGen      total 76288K, used 76267K [0x000000076b500000, 0x0000000774a00000, 0x00000007c0000000)
  eden space 65536K, 100% used [0x000000076b500000,0x000000076f500000,0x000000076f500000)
  from space 10752K, 99% used [0x000000076f500000,0x000000076ff7ac18,0x000000076ff80000)
  to   space 10752K, 0% used [0x0000000773f80000,0x0000000773f80000,0x0000000774a00000)
 ParOldGen       total 175104K, used 11667K [0x00000006c1e00000, 0x00000006cc900000, 0x000000076b500000)
  object space 175104K, 6% used [0x00000006c1e00000,0x00000006c2964f88,0x00000006cc900000)
 Metaspace       used 9152K, capacity 9302K, committed 9344K, reserved 1058816K
  class space    used 842K, capacity 883K, committed 896K, reserved 1048576K
Event: 0.850 GC heap after
Heap after GC invocations=4 (full 0):
 PSYoungGen      total 141824K, used 10732K [0x000000076b500000, 0x0000000774a00000, 0x00000007c0000000)
  eden space 131072K, 0% used [0x000000076b500000,0x000000076b500000,0x0000000773500000)
  from space 10752K, 99% used [0x0000000773f80000,0x00000007749fb308,0x0000000774a00000)
  to   space 10752K, 0% used [0x0000000773500000,0x0000000773500000,0x0000000773f80000)
 ParOldGen       total 175104K, used 16653K [0x00000006c1e00000, 0x00000006cc900000, 0x000000076b500000)
  object space 175104K, 9% used [0x00000006c1e00000,0x00000006c2e435d0,0x00000006cc900000)
 Metaspace       used 9152K, capacity 9302K, committed 9344K, reserved 1058816K
  class space    used 842K, capacity 883K, committed 896K, reserved 1048576K
}
Event: 1.015 GC heap before
{Heap before GC invocations=5 (full 0):
 PSYoungGen      total 141824K, used 141804K [0x000000076b500000, 0x0000000774a00000, 0x00000007c0000000)
  eden space 131072K, 100% used [0x000000076b500000,0x0000000773500000,0x0000000773500000)
  from space 10752K, 99% used [0x0000000773f80000,0x00000007749fb308,0x0000000774a00000)
  to   space 10752K, 0% used [0x0000000773500000,0x0000000773500000,0x0000000773f80000)
 ParOldGen       total 175104K, used 16653K [0x00000006c1e00000, 0x00000006cc900000, 0x000000076b500000)
  object space 175104K, 9% used [0x00000006c1e00000,0x00000006c2e435d0,0x00000006cc900000)
 Metaspace       used 9276K, capacity 9366K, committed 9600K, reserved 1058816K
  class space    used 843K, capacity 883K, committed 896K, reserved 1048576K
Event: 1.031 GC heap after
Heap after GC invocations=5 (full 0):
 PSYoungGen      total 141824K, used 10737K [0x000000076b500000, 0x000000077e400000, 0x00000007c0000000)
  eden space 131072K, 0% used [0x000000076b500000,0x000000076b500000,0x0000000773500000)
  from space 10752K, 99% used [0x0000000773500000,0x0000000773f7c430,0x0000000773f80000)
  to   space 24064K, 0% used [0x000000077cc80000,0x000000077cc80000,0x000000077e400000)
 ParOldGen       total 175104K, used 24308K [0x00000006c1e00000, 0x00000006cc900000, 0x000000076b500000)
  object space 175104K, 13% used [0x00000006c1e00000,0x00000006c35bd168,0x00000006cc900000)
 Metaspace       used 9276K, capacity 9366K, committed 9600K, reserved 1058816K
  class space    used 843K, capacity 883K, committed 896K, reserved 1048576K
}
Event: 1.150 GC heap before
{Heap before GC invocations=6 (full 0):
 PSYoungGen      total 141824K, used 141809K [0x000000076b500000, 0x000000077e400000, 0x00000007c0000000)
  eden space 131072K, 100% used [0x000000076b500000,0x0000000773500000,0x0000000773500000)
  from space 10752K, 99% used [0x0000000773500000,0x0000000773f7c430,0x0000000773f80000)
  to   space 24064K, 0% used [0x000000077cc80000,0x000000077cc80000,0x000000077e400000)
 ParOldGen       total 175104K, used 24308K [0x00000006c1e00000, 0x00000006cc900000, 0x000000076b500000)
  object space 175104K, 13% used [0x00000006c1e00000,0x00000006c35bd168,0x00000006cc900000)
 Metaspace       used 9291K, capacity 9366K, committed 9600K, reserved 1058816K
  class space    used 844K, capacity 883K, committed 896K, reserved 1048576K
Event: 1.166 GC heap after
Heap after GC invocations=6 (full 0):
 PSYoungGen      total 283648K, used 21005K [0x000000076b500000, 0x000000077e900000, 0x00000007c0000000)
  eden space 259584K, 0% used [0x000000076b500000,0x000000076b500000,0x000000077b280000)
  from space 24064K, 87% used [0x000000077cc80000,0x000000077e1035e8,0x000000077e400000)
  to   space 26624K, 0% used [0x000000077b280000,0x000000077b280000,0x000000077cc80000)
 ParOldGen       total 175104K, used 24316K [0x00000006c1e00000, 0x00000006cc900000, 0x000000076b500000)
  object space 175104K, 13% used [0x00000006c1e00000,0x00000006c35bf168,0x00000006cc900000)
 Metaspace       used 9291K, capacity 9366K, committed 9600K, reserved 1058816K
  class space    used 844K, capacity 883K, committed 896K, reserved 1048576K
}
Event: 1.382 GC heap before
{Heap before GC invocations=7 (full 0):
 PSYoungGen      total 283648K, used 280589K [0x000000076b500000, 0x000000077e900000, 0x00000007c0000000)
  eden space 259584K, 100% used [0x000000076b500000,0x000000077b280000,0x000000077b280000)
  from space 24064K, 87% used [0x000000077cc80000,0x000000077e1035e8,0x000000077e400000)
  to   space 26624K, 0% used [0x000000077b280000,0x000000077b280000,0x000000077cc80000)
 ParOldGen       total 175104K, used 24316K [0x00000006c1e00000, 0x00000006cc900000, 0x000000076b500000)
  object space 175104K, 13% used [0x00000006c1e00000,0x00000006c35bf168,0x00000006cc900000)
 Metaspace       used 9317K, capacity 9430K, committed 9600K, reserved 1058816K
  class space    used 844K, capacity 883K, committed 896K, reserved 1048576K
Event: 1.397 GC heap after
Heap after GC invocations=7 (full 0):
 PSYoungGen      total 286208K, used 26614K [0x000000076b500000, 0x000000077e900000, 0x00000007c0000000)
  eden space 259584K, 0% used [0x000000076b500000,0x000000076b500000,0x000000077b280000)
  from space 26624K, 99% used [0x000000077b280000,0x000000077cc7daa8,0x000000077cc80000)
  to   space 24064K, 0% used [0x000000077cc80000,0x000000077cc80000,0x000000077e400000)
 ParOldGen       total 175104K, used 27926K [0x00000006c1e00000, 0x00000006cc900000, 0x000000076b500000)
  object space 175104K, 15% used [0x00000006c1e00000,0x00000006c3945900,0x00000006cc900000)
 Metaspace       used 9317K, capacity 9430K, committed 9600K, reserved 1058816K
  class space    used 844K, capacity 883K, committed 896K, reserved 1048576K
}

