# JRE version: OpenJDK Runtime Environment (8.0) (build 1.8.0-25-microsoft-b00)
# Java VM: OpenJDK 64-Bit Server VM (25.71-b00 mixed mode windows-amd64 compressed oops)
Heap:
 PSYoungGen      total 137216K, used 93222K [0x00000000eab00000, 0x00000000f6f80000, 0x0000000100000000)
  eden space 126464K, 72% used [0x00000000eab00000,0x00000000f04a1838,0x00000000f2680000)
  from space 10752K, 13% used [0x00000000f3580000,0x00000000f36e8000,0x00000000f4000000)
  to   space 15360K, 0% used [0x00000000f2680000,0x00000000f2680000,0x00000000f3580000)
 ParOldGen       total 175104K, used 118205K [0x00000000c0000000, 0x00000000cab00000, 0x00000000eab00000)
  object space 175104K, 67% used [0x00000000c0000000,0x00000000c736f6c0,0x00000000cab00000)
 Metaspace       used 18003K, capacity 19564K, committed 19840K, reserved 1067008K
  class space    used 2250K, capacity 2610K, committed 2688K, reserved 1048576K
GC Heap History (10 events):
Event: 4.661 GC heap before
{Heap before GC invocations=28 (full 0):
 PSYoungGen      total 141824K, used 132960K [0x00000000eab00000, 0x00000000f4000000, 0x0000000100000000)
  eden space 131072K, 100% used [0x00000000eab00000,0x00000000f2b00000,0x00000000f2b00000)
  from space 10752K, 17% used [0x00000000f2b00000,0x00000000f2cd8000,0x00000000f3580000)
  to   space 10752K, 0% used [0x00000000f3580000,0x00000000f3580000,0x00000000f4000000)
 ParOldGen       total 175104K, used 111093K [0x00000000c0000000, 0x00000000cab00000, 0x00000000eab00000)
  object space 175104K, 63% used [0x00000000c0000000,0x00000000c6c7d6b0,0x00000000cab00000)
 Metaspace       used 17628K, capacity 19028K, committed 19200K, reserved 1067008K
  class space    used 2190K, capacity 2500K, committed 2560K, reserved 1048576K
Event: 4.664 GC heap after
Heap after GC invocations=28 (full 0):
 PSYoungGen      total 141824K, used 1472K [0x00000000eab00000, 0x00000000f4000000, 0x0000000100000000)
  eden space 131072K, 0% used [0x00000000eab00000,0x00000000eab00000,0x00000000f2b00000)
  from space 10752K, 13% used [0x00000000f3580000,0x00000000f36f0000,0x00000000f4000000)
  to   space 10752K, 0% used [0x00000000f2b00000,0x00000000f2b00000,0x00000000f3580000)
 ParOldGen       total 175104K, used 112629K [0x00000000c0000000, 0x00000000cab00000, 0x00000000eab00000)
  object space 175104K, 64% used [0x00000000c0000000,0x00000000c6dfd6b0,0x00000000cab00000)
 Metaspace       used 17628K, capacity 19028K, committed 19200K, reserved 1067008K
  class space    used 2190K, capacity 2500K, committed 2560K, reserved 1048576K
}
Event: 4.776 GC heap before
{Heap before GC invocations=29 (full 0):
 PSYoungGen      total 141824K, used 132544K [0x00000000eab00000, 0x00000000f4000000, 0x0000000100000000)
  eden space 131072K, 100% used [0x00000000eab00000,0x00000000f2b00000,0x00000000f2b00000)
  from space 10752K, 13% used [0x00000000f3580000,0x00000000f36f0000,0x00000000f4000000)
  to   space 10752K, 0% used [0x00000000f2b00000,0x00000000f2b00000,0x00000000f3580000)
 ParOldGen       total 175104K, used 112629K [0x00000000c0000000, 0x00000000cab00000, 0x00000000eab00000)
  object space 175104K, 64% used [0x00000000c0000000,0x00000000c6dfd6b0,0x00000000cab00000)
 Metaspace       used 17636K, capacity 19028K, committed 19200K, reserved 1067008K
  class space    used 2190K, capacity 2500K, committed 2560K, reserved 1048576K
Event: 4.781 GC heap after
Heap after GC invocations=29 (full 0):
 PSYoungGen      total 141824K, used 1984K [0x00000000eab00000, 0x00000000f4000000, 0x0000000100000000)
  eden space 131072K, 0% used [0x00000000eab00000,0x00000000eab00000,0x00000000f2b00000)
  from space 10752K, 18% used [0x00000000f2b00000,0x00000000f2cf0000,0x00000000f3580000)
  to   space 10752K, 0% used [0x00000000f3580000,0x00000000f3580000,0x00000000f4000000)
 ParOldGen       total 175104K, used 113741K [0x00000000c0000000, 0x00000000cab00000, 0x00000000eab00000)
  object space 175104K, 64% used [0x00000000c0000000,0x00000000c6f136b0,0x00000000cab00000)
 Metaspace       used 17636K, capacity 19028K, committed 19200K, reserved 1067008K
  class space    used 2190K, capacity 2500K, committed 2560K, reserved 1048576K
}
Event: 4.895 GC heap before
{Heap before GC invocations=30 (full 0):
 PSYoungGen      total 141824K, used 133056K [0x00000000eab00000, 0x00000000f4000000, 0x0000000100000000)
  eden space 131072K, 100% used [0x00000000eab00000,0x00000000f2b00000,0x00000000f2b00000)
  from space 10752K, 18% used [0x00000000f2b00000,0x00000000f2cf0000,0x00000000f3580000)
  to   space 10752K, 0% used [0x00000000f3580000,0x00000000f3580000,0x00000000f4000000)
 ParOldGen       total 175104K, used 113741K [0x00000000c0000000, 0x00000000cab00000, 0x00000000eab00000)
  object space 175104K, 64% used [0x00000000c0000000,0x00000000c6f136b0,0x00000000cab00000)
 Metaspace       used 17642K, capacity 19092K, committed 19200K, reserved 1067008K
  class space    used 2190K, capacity 2500K, committed 2560K, reserved 1048576K
Event: 4.899 GC heap after
Heap after GC invocations=30 (full 0):
 PSYoungGen      total 141824K, used 1728K [0x00000000eab00000, 0x00000000f4000000, 0x0000000100000000)
  eden space 131072K, 0% used [0x00000000eab00000,0x00000000eab00000,0x00000000f2b00000)
  from space 10752K, 16% used [0x00000000f3580000,0x00000000f3730000,0x00000000f4000000)
  to   space 10752K, 0% used [0x00000000f2b00000,0x00000000f2b00000,0x00000000f3580000)
 ParOldGen       total 175104K, used 115365K [0x00000000c0000000, 0x00000000cab00000, 0x00000000eab00000)
  object space 175104K, 65% used [0x00000000c0000000,0x00000000c70a96b0,0x00000000cab00000)
 Metaspace       used 17642K, capacity 19092K, committed 19200K, reserved 1067008K
  class space    used 2190K, capacity 2500K, committed 2560K, reserved 1048576K
}
Event: 5.001 GC heap before
{Heap before GC invocations=31 (full 0):
 PSYoungGen      total 141824K, used 132800K [0x00000000eab00000, 0x00000000f4000000, 0x0000000100000000)
  eden space 131072K, 100% used [0x00000000eab00000,0x00000000f2b00000,0x00000000f2b00000)
  from space 10752K, 16% used [0x00000000f3580000,0x00000000f3730000,0x00000000f4000000)
  to   space 10752K, 0% used [0x00000000f2b00000,0x00000000f2b00000,0x00000000f3580000)
 ParOldGen       total 175104K, used 115365K [0x00000000c0000000, 0x00000000cab00000, 0x00000000eab00000)
  object space 175104K, 65% used [0x00000000c0000000,0x00000000c70a96b0,0x00000000cab00000)
 Metaspace       used 17643K, capacity 19092K, committed 19200K, reserved 1067008K
  class space    used 2190K, capacity 2500K, committed 2560K, reserved 1048576K
Event: 5.007 GC heap after
Heap after GC invocations=31 (full 0):
 PSYoungGen      total 141824K, used 1952K [0x00000000eab00000, 0x00000000f4000000, 0x0000000100000000)
  eden space 131072K, 0% used [0x00000000eab00000,0x00000000eab00000,0x00000000f2b00000)
  from space 10752K, 18% used [0x00000000f2b00000,0x00000000f2ce8000,0x00000000f3580000)
  to   space 10752K, 0% used [0x00000000f3580000,0x00000000f3580000,0x00000000f4000000)
 ParOldGen       total 175104K, used 116629K [0x00000000c0000000, 0x00000000cab00000, 0x00000000eab00000)
  object space 175104K, 66% used [0x00000000c0000000,0x00000000c71e56b0,0x00000000cab00000)
 Metaspace       used 17643K, capacity 19092K, committed 19200K, reserved 1067008K
  class space    used 2190K, capacity 2500K, committed 2560K, reserved 1048576K
}
Event: 5.114 GC heap before
{Heap before GC invocations=32 (full 0):
 PSYoungGen      total 141824K, used 133024K [0x00000000eab00000, 0x00000000f4000000, 0x0000000100000000)
  eden space 131072K, 100% used [0x00000000eab00000,0x00000000f2b00000,0x00000000f2b00000)
  from space 10752K, 18% used [0x00000000f2b00000,0x00000000f2ce8000,0x00000000f3580000)
  to   space 10752K, 0% used [0x00000000f3580000,0x00000000f3580000,0x00000000f4000000)
 ParOldGen       total 175104K, used 116629K [0x00000000c0000000, 0x00000000cab00000, 0x00000000eab00000)
  object space 175104K, 66% used [0x00000000c0000000,0x00000000c71e56b0,0x00000000cab00000)
 Metaspace       used 17644K, capacity 19092K, committed 19200K, reserved 1067008K
  class space    used 2190K, capacity 2500K, committed 2560K, reserved 1048576K
Event: 5.118 GC heap after
Heap after GC invocations=32 (full 0):
 PSYoungGen      total 137216K, used 1440K [0x00000000eab00000, 0x00000000f6f80000, 0x0000000100000000)
  eden space 126464K, 0% used [0x00000000eab00000,0x00000000eab00000,0x00000000f2680000)
  from space 10752K, 13% used [0x00000000f3580000,0x00000000f36e8000,0x00000000f4000000)
  to   space 15360K, 0% used [0x00000000f2680000,0x00000000f2680000,0x00000000f3580000)
 ParOldGen       total 175104K, used 118205K [0x00000000c0000000, 0x00000000cab00000, 0x00000000eab00000)
  object space 175104K, 67% used [0x00000000c0000000,0x00000000c736f6c0,0x00000000cab00000)
 Metaspace       used 17644K, capacity 19092K, committed 19200K, reserved 1067008K
  class space    used 2190K, capacity 2500K, committed 2560K, reserved 1048576K
}

