# JRE version: OpenJDK Runtime Environment (8.0) (build 1.8.0-25-microsoft-b00)
# Java VM: OpenJDK 64-Bit Server VM (25.71-b00 mixed mode windows-amd64 compressed oops)
Heap:
 PSYoungGen      total 191488K, used 125510K [0x00000000eab00000, 0x00000000f7d80000, 0x0000000100000000)
  eden space 170496K, 71% used [0x00000000eab00000,0x00000000f22d46f0,0x00000000f5180000)
  from space 20992K, 13% used [0x00000000f6900000,0x00000000f6bbd408,0x00000000f7d80000)
  to   space 22528K, 0% used [0x00000000f5180000,0x00000000f5180000,0x00000000f6780000)
 ParOldGen       total 175104K, used 119948K [0x00000000c0000000, 0x00000000cab00000, 0x00000000eab00000)
  object space 175104K, 68% used [0x00000000c0000000,0x00000000c75233b8,0x00000000cab00000)
 Metaspace       used 19067K, capacity 20822K, committed 20992K, reserved 1067008K
  class space    used 2341K, capacity 2709K, committed 2816K, reserved 1048576K
GC Heap History (10 events):
Event: 5.015 GC heap before
{Heap before GC invocations=28 (full 0):
 PSYoungGen      total 193024K, used 172768K [0x00000000eab00000, 0x00000000f7d80000, 0x0000000100000000)
  eden space 170496K, 100% used [0x00000000eab00000,0x00000000f5180000,0x00000000f5180000)
  from space 22528K, 10% used [0x00000000f5180000,0x00000000f53b8000,0x00000000f6780000)
  to   space 20992K, 0% used [0x00000000f6900000,0x00000000f6900000,0x00000000f7d80000)
 ParOldGen       total 175104K, used 110964K [0x00000000c0000000, 0x00000000cab00000, 0x00000000eab00000)
  object space 175104K, 63% used [0x00000000c0000000,0x00000000c6c5d320,0x00000000cab00000)
 Metaspace       used 17589K, capacity 18932K, committed 19200K, reserved 1067008K
  class space    used 2174K, capacity 2490K, committed 2560K, reserved 1048576K
Event: 5.019 GC heap after
Heap after GC invocations=28 (full 0):
 PSYoungGen      total 191488K, used 2240K [0x00000000eab00000, 0x00000000f7d80000, 0x0000000100000000)
  eden space 170496K, 0% used [0x00000000eab00000,0x00000000eab00000,0x00000000f5180000)
  from space 20992K, 10% used [0x00000000f6900000,0x00000000f6b30000,0x00000000f7d80000)
  to   space 22528K, 0% used [0x00000000f5180000,0x00000000f5180000,0x00000000f6780000)
 ParOldGen       total 175104K, used 112612K [0x00000000c0000000, 0x00000000cab00000, 0x00000000eab00000)
  object space 175104K, 64% used [0x00000000c0000000,0x00000000c6df9020,0x00000000cab00000)
 Metaspace       used 17589K, capacity 18932K, committed 19200K, reserved 1067008K
  class space    used 2174K, capacity 2490K, committed 2560K, reserved 1048576K
}
Event: 5.161 GC heap before
{Heap before GC invocations=29 (full 0):
 PSYoungGen      total 191488K, used 172736K [0x00000000eab00000, 0x00000000f7d80000, 0x0000000100000000)
  eden space 170496K, 100% used [0x00000000eab00000,0x00000000f5180000,0x00000000f5180000)
  from space 20992K, 10% used [0x00000000f6900000,0x00000000f6b30000,0x00000000f7d80000)
  to   space 22528K, 0% used [0x00000000f5180000,0x00000000f5180000,0x00000000f6780000)
 ParOldGen       total 175104K, used 112612K [0x00000000c0000000, 0x00000000cab00000, 0x00000000eab00000)
  object space 175104K, 64% used [0x00000000c0000000,0x00000000c6df9020,0x00000000cab00000)
 Metaspace       used 17603K, capacity 18996K, committed 19200K, reserved 1067008K
  class space    used 2174K, capacity 2490K, committed 2560K, reserved 1048576K
Event: 5.166 GC heap after
Heap after GC invocations=29 (full 0):
 PSYoungGen      total 193024K, used 2240K [0x00000000eab00000, 0x00000000f7d80000, 0x0000000100000000)
  eden space 170496K, 0% used [0x00000000eab00000,0x00000000eab00000,0x00000000f5180000)
  from space 22528K, 9% used [0x00000000f5180000,0x00000000f53b0000,0x00000000f6780000)
  to   space 20992K, 0% used [0x00000000f6900000,0x00000000f6900000,0x00000000f7d80000)
 ParOldGen       total 175104K, used 114404K [0x00000000c0000000, 0x00000000cab00000, 0x00000000eab00000)
  object space 175104K, 65% used [0x00000000c0000000,0x00000000c6fb9020,0x00000000cab00000)
 Metaspace       used 17603K, capacity 18996K, committed 19200K, reserved 1067008K
  class space    used 2174K, capacity 2490K, committed 2560K, reserved 1048576K
}
Event: 5.313 GC heap before
{Heap before GC invocations=30 (full 0):
 PSYoungGen      total 193024K, used 172736K [0x00000000eab00000, 0x00000000f7d80000, 0x0000000100000000)
  eden space 170496K, 100% used [0x00000000eab00000,0x00000000f5180000,0x00000000f5180000)
  from space 22528K, 9% used [0x00000000f5180000,0x00000000f53b0000,0x00000000f6780000)
  to   space 20992K, 0% used [0x00000000f6900000,0x00000000f6900000,0x00000000f7d80000)
 ParOldGen       total 175104K, used 114404K [0x00000000c0000000, 0x00000000cab00000, 0x00000000eab00000)
  object space 175104K, 65% used [0x00000000c0000000,0x00000000c6fb9020,0x00000000cab00000)
 Metaspace       used 17607K, capacity 18996K, committed 19200K, reserved 1067008K
  class space    used 2174K, capacity 2490K, committed 2560K, reserved 1048576K
Event: 5.321 GC heap after
Heap after GC invocations=30 (full 0):
 PSYoungGen      total 191488K, used 2240K [0x00000000eab00000, 0x00000000f7d80000, 0x0000000100000000)
  eden space 170496K, 0% used [0x00000000eab00000,0x00000000eab00000,0x00000000f5180000)
  from space 20992K, 10% used [0x00000000f6900000,0x00000000f6b30000,0x00000000f7d80000)
  to   space 22528K, 0% used [0x00000000f5180000,0x00000000f5180000,0x00000000f6780000)
 ParOldGen       total 175104K, used 116216K [0x00000000c0000000, 0x00000000cab00000, 0x00000000eab00000)
  object space 175104K, 66% used [0x00000000c0000000,0x00000000c717e378,0x00000000cab00000)
 Metaspace       used 17607K, capacity 18996K, committed 19200K, reserved 1067008K
  class space    used 2174K, capacity 2490K, committed 2560K, reserved 1048576K
}
Event: 5.492 GC heap before
{Heap before GC invocations=31 (full 0):
 PSYoungGen      total 191488K, used 172736K [0x00000000eab00000, 0x00000000f7d80000, 0x0000000100000000)
  eden space 170496K, 100% used [0x00000000eab00000,0x00000000f5180000,0x00000000f5180000)
  from space 20992K, 10% used [0x00000000f6900000,0x00000000f6b30000,0x00000000f7d80000)
  to   space 22528K, 0% used [0x00000000f5180000,0x00000000f5180000,0x00000000f6780000)
 ParOldGen       total 175104K, used 116216K [0x00000000c0000000, 0x00000000cab00000, 0x00000000eab00000)
  object space 175104K, 66% used [0x00000000c0000000,0x00000000c717e378,0x00000000cab00000)
 Metaspace       used 17609K, capacity 18996K, committed 19200K, reserved 1067008K
  class space    used 2174K, capacity 2490K, committed 2560K, reserved 1048576K
Event: 5.498 GC heap after
Heap after GC invocations=31 (full 0):
 PSYoungGen      total 193024K, used 2304K [0x00000000eab00000, 0x00000000f7d80000, 0x0000000100000000)
  eden space 170496K, 0% used [0x00000000eab00000,0x00000000eab00000,0x00000000f5180000)
  from space 22528K, 10% used [0x00000000f5180000,0x00000000f53c0000,0x00000000f6780000)
  to   space 20992K, 0% used [0x00000000f6900000,0x00000000f6900000,0x00000000f7d80000)
 ParOldGen       total 175104K, used 118100K [0x00000000c0000000, 0x00000000cab00000, 0x00000000eab00000)
  object space 175104K, 67% used [0x00000000c0000000,0x00000000c7355398,0x00000000cab00000)
 Metaspace       used 17609K, capacity 18996K, committed 19200K, reserved 1067008K
  class space    used 2174K, capacity 2490K, committed 2560K, reserved 1048576K
}
Event: 5.723 GC heap before
{Heap before GC invocations=32 (full 0):
 PSYoungGen      total 193024K, used 172720K [0x00000000eab00000, 0x00000000f7d80000, 0x0000000100000000)
  eden space 170496K, 99% used [0x00000000eab00000,0x00000000f516c378,0x00000000f5180000)
  from space 22528K, 10% used [0x00000000f5180000,0x00000000f53c0000,0x00000000f6780000)
  to   space 20992K, 0% used [0x00000000f6900000,0x00000000f6900000,0x00000000f7d80000)
 ParOldGen       total 175104K, used 118100K [0x00000000c0000000, 0x00000000cab00000, 0x00000000eab00000)
  object space 175104K, 67% used [0x00000000c0000000,0x00000000c7355398,0x00000000cab00000)
 Metaspace       used 17843K, capacity 19374K, committed 19456K, reserved 1067008K
  class space    used 2221K, capacity 2555K, committed 2560K, reserved 1048576K
Event: 5.729 GC heap after
Heap after GC invocations=32 (full 0):
 PSYoungGen      total 191488K, used 2805K [0x00000000eab00000, 0x00000000f7d80000, 0x0000000100000000)
  eden space 170496K, 0% used [0x00000000eab00000,0x00000000eab00000,0x00000000f5180000)
  from space 20992K, 13% used [0x00000000f6900000,0x00000000f6bbd408,0x00000000f7d80000)
  to   space 22528K, 0% used [0x00000000f5180000,0x00000000f5180000,0x00000000f6780000)
 ParOldGen       total 175104K, used 119948K [0x00000000c0000000, 0x00000000cab00000, 0x00000000eab00000)
  object space 175104K, 68% used [0x00000000c0000000,0x00000000c75233b8,0x00000000cab00000)
 Metaspace       used 17843K, capacity 19374K, committed 19456K, reserved 1067008K
  class space    used 2221K, capacity 2555K, committed 2560K, reserved 1048576K
}

